#
# There is insufficient memory for the Java Runtime Environment to continue.
# Native memory allocation (malloc) failed to allocate 624016 bytes for Chunk::new
# Possible reasons:
#   The system is out of physical RAM or swap space
#   The process is running with CompressedOops enabled, and the Java Heap may be blocking the growth of the native heap
# Possible solutions:
#   Reduce memory load on the system
#   Increase physical memory or swap space
#   Check if swap backing store is full
#   Decrease Java heap size (-Xmx/-Xms)
#   Decrease number of Java threads
#   Decrease Java thread stack sizes (-Xss)
#   Set larger code cache with -XX:ReservedCodeCacheSize=
#   JVM is running with Unscaled Compressed Oops mode in which the Java heap is
#     placed in the first 4GB address space. The Java Heap base address is the
#     maximum limit for the native heap growth. Please use -XX:HeapBaseMinAddress
#     to set the Java Heap base and to place the Java Heap above 4GB virtual address.
# This output file may be truncated or incomplete.
#
#  Out of Memory Error (./src/hotspot/share/memory/arena.cpp:197), pid=13000, tid=7804
#
# JRE version: OpenJDK Runtime Environment (11.0.11+9) (build 11.0.11+9-b60-7590822)
# Java VM: OpenJDK 64-Bit Server VM (11.0.11+9-b60-7590822, mixed mode, tiered, compressed oops, g1 gc, windows-amd64)
# No core dump will be written. Minidumps are not enabled by default on client versions of Windows
#

---------------  S U M M A R Y ------------

Command Line: --add-opens=java.base/java.util=ALL-UNNAMED --add-opens=java.base/java.lang=ALL-UNNAMED --add-opens=java.base/java.lang.invoke=ALL-UNNAMED --add-opens=java.base/java.util=ALL-UNNAMED --add-opens=java.prefs/java.util.prefs=ALL-UNNAMED --add-opens=java.prefs/java.util.prefs=ALL-UNNAMED --add-opens=java.base/java.nio.charset=ALL-UNNAMED --add-opens=java.base/java.net=ALL-UNNAMED --add-opens=java.base/java.util.concurrent.atomic=ALL-UNNAMED -Xmx2048m -Dfile.encoding=UTF-8 -Duser.country=SG -Duser.language=en -Duser.variant org.gradle.launcher.daemon.bootstrap.GradleDaemon 7.2

Host: Intel(R) Core(TM) i5-8250U CPU @ 1.60GHz, 4 cores, 15G,  Windows 10 , 64 bit Build 22621 (10.0.22621.1635)
Time: Wed Jun  7 12:33:36 2023 Malay Peninsula Standard Time elapsed time: 755.241163 seconds (0d 0h 12m 35s)

---------------  T H R E A D  ---------------

Current thread (0x00000293cd023000):  JavaThread "C2 CompilerThread0" daemon [_thread_in_native, id=7804, stack(0x000000e091100000,0x000000e091200000)]


Current CompileTask:
C2: 755241 11557       4       groovyjarjarantlr4.v4.runtime.atn.ParserATNSimulator::closure (784 bytes)

Stack: [0x000000e091100000,0x000000e091200000]
Native frames: (J=compiled Java code, j=interpreted, Vv=VM code, C=native code)
V  [jvm.dll+0x5f214a]
V  [jvm.dll+0x726fb5]
V  [jvm.dll+0x7285cd]
V  [jvm.dll+0x728c83]
V  [jvm.dll+0x243278]
V  [jvm.dll+0xbc53c]
V  [jvm.dll+0xbca3c]
V  [jvm.dll+0x353e3b]
V  [jvm.dll+0x321893]
V  [jvm.dll+0x320d8a]
V  [jvm.dll+0x1fc1e2]
V  [jvm.dll+0x1fb3d4]
V  [jvm.dll+0x183d6c]
V  [jvm.dll+0x209a57]
V  [jvm.dll+0x2082a1]
V  [jvm.dll+0x6ef58f]
V  [jvm.dll+0x6e80b5]
V  [jvm.dll+0x5f1036]
C  [ucrtbase.dll+0x29363]
C  [KERNEL32.DLL+0x126ad]
C  [ntdll.dll+0x5a9f8]


---------------  P R O C E S S  ---------------

Threads class SMR info:
_java_thread_list=0x00000293d12965a0, length=37, elements={
0x00000293b2b67800, 0x00000293ccfc8000, 0x00000293ccfc8800, 0x00000293cc78c000,
0x00000293cc78d800, 0x00000293cd020800, 0x00000293cd023000, 0x00000293cd024000,
0x00000293cd029800, 0x00000293cd194000, 0x00000293cef83800, 0x00000293cd2aa000,
0x00000293cf060000, 0x00000293cf5d2800, 0x00000293cf5d4000, 0x00000293cf5d1000,
0x00000293cf5ce800, 0x00000293cf5d5000, 0x00000293cf5d0000, 0x00000293cf5d1800,
0x00000293cdd77000, 0x00000293cdd74800, 0x00000293cdd76000, 0x00000293cdd72800,
0x00000293ce4d0000, 0x00000293d0a47800, 0x00000293d0a4a000, 0x00000293d0a44800,
0x00000293d0a46000, 0x00000293d0a4b000, 0x00000293d0a45000, 0x00000293d0a4b800,
0x00000293d0a4c800, 0x00000293d0a47000, 0x00000293d0a50800, 0x00000293d0a52800,
0x00000293cfa50000
}

Java Threads: ( => current thread )
  0x00000293b2b67800 JavaThread "main" [_thread_blocked, id=16396, stack(0x000000e090500000,0x000000e090600000)]
  0x00000293ccfc8000 JavaThread "Reference Handler" daemon [_thread_blocked, id=18024, stack(0x000000e090c00000,0x000000e090d00000)]
  0x00000293ccfc8800 JavaThread "Finalizer" daemon [_thread_blocked, id=22008, stack(0x000000e090d00000,0x000000e090e00000)]
  0x00000293cc78c000 JavaThread "Signal Dispatcher" daemon [_thread_blocked, id=15996, stack(0x000000e090e00000,0x000000e090f00000)]
  0x00000293cc78d800 JavaThread "Attach Listener" daemon [_thread_blocked, id=18356, stack(0x000000e090f00000,0x000000e091000000)]
  0x00000293cd020800 JavaThread "Service Thread" daemon [_thread_blocked, id=16252, stack(0x000000e091000000,0x000000e091100000)]
=>0x00000293cd023000 JavaThread "C2 CompilerThread0" daemon [_thread_in_native, id=7804, stack(0x000000e091100000,0x000000e091200000)]
  0x00000293cd024000 JavaThread "C1 CompilerThread0" daemon [_thread_in_vm, id=9900, stack(0x000000e091200000,0x000000e091300000)]
  0x00000293cd029800 JavaThread "Sweeper thread" daemon [_thread_blocked, id=19060, stack(0x000000e091300000,0x000000e091400000)]
  0x00000293cd194000 JavaThread "Common-Cleaner" daemon [_thread_blocked, id=7680, stack(0x000000e091400000,0x000000e091500000)]
  0x00000293cef83800 JavaThread "Daemon health stats" [_thread_blocked, id=9312, stack(0x000000e091a00000,0x000000e091b00000)]
  0x00000293cd2aa000 JavaThread "Incoming local TCP Connector on port 59894" [_thread_in_native, id=5308, stack(0x000000e091600000,0x000000e091700000)]
  0x00000293cf060000 JavaThread "Daemon periodic checks" [_thread_blocked, id=18612, stack(0x000000e091b00000,0x000000e091c00000)]
  0x00000293cf5d2800 JavaThread "Cache worker for journal cache (C:\Users\Tj\.gradle\caches\journal-1)" [_thread_blocked, id=15724, stack(0x000000e092300000,0x000000e092400000)]
  0x00000293cf5d4000 JavaThread "File lock request listener" [_thread_in_native, id=23504, stack(0x000000e092400000,0x000000e092500000)]
  0x00000293cf5d1000 JavaThread "Cache worker for file hash cache (C:\Users\Tj\.gradle\caches\7.2\fileHashes)" [_thread_blocked, id=18720, stack(0x000000e092500000,0x000000e092600000)]
  0x00000293cf5ce800 JavaThread "File watcher server" daemon [_thread_in_native, id=10068, stack(0x000000e092800000,0x000000e092900000)]
  0x00000293cf5d5000 JavaThread "File watcher consumer" daemon [_thread_blocked, id=14784, stack(0x000000e092900000,0x000000e092a00000)]
  0x00000293cf5d0000 JavaThread "jar transforms" [_thread_blocked, id=23212, stack(0x000000e092a00000,0x000000e092b00000)]
  0x00000293cf5d1800 JavaThread "jar transforms Thread 2" [_thread_blocked, id=15076, stack(0x000000e092b00000,0x000000e092c00000)]
  0x00000293cdd77000 JavaThread "jar transforms Thread 3" [_thread_blocked, id=6684, stack(0x000000e092c00000,0x000000e092d00000)]
  0x00000293cdd74800 JavaThread "jar transforms Thread 4" [_thread_blocked, id=11936, stack(0x000000e092d00000,0x000000e092e00000)]
  0x00000293cdd76000 JavaThread "Cache worker for execution history cache (C:\Users\Tj\.gradle\caches\7.2\executionHistory)" [_thread_blocked, id=17816, stack(0x000000e093100000,0x000000e093200000)]
  0x00000293cdd72800 JavaThread "Cache worker for file content cache (C:\Users\Tj\.gradle\caches\7.2\fileContent)" [_thread_blocked, id=4800, stack(0x000000e093200000,0x000000e093300000)]
  0x00000293ce4d0000 JavaThread "Memory manager" [_thread_blocked, id=9020, stack(0x000000e095d00000,0x000000e095e00000)]
  0x00000293d0a47800 JavaThread "Daemon Thread 2" [_thread_blocked, id=12424, stack(0x000000e090200000,0x000000e090300000)]
  0x00000293d0a4a000 JavaThread "Handler for socket connection from /127.0.0.1:59894 to /127.0.0.1:59946" [_thread_in_native, id=17916, stack(0x000000e090400000,0x000000e090500000)]
  0x00000293d0a44800 JavaThread "Cancel handler" [_thread_blocked, id=15096, stack(0x000000e091c00000,0x000000e091d00000)]
  0x00000293d0a46000 JavaThread "Daemon worker Thread 2" [_thread_in_Java, id=8460, stack(0x000000e091e00000,0x000000e091f00000)]
  0x00000293d0a4b000 JavaThread "Asynchronous log dispatcher for DefaultDaemonConnection: socket connection from /127.0.0.1:59894 to /127.0.0.1:59946" [_thread_blocked, id=14700, stack(0x000000e091f00000,0x000000e092000000)]
  0x00000293d0a45000 JavaThread "Stdin handler" [_thread_blocked, id=10224, stack(0x000000e092000000,0x000000e092100000)]
  0x00000293d0a4b800 JavaThread "Daemon client event forwarder" [_thread_blocked, id=19796, stack(0x000000e092100000,0x000000e092200000)]
  0x00000293d0a4c800 JavaThread "Cache worker for file hash cache (C:\Users\Tj\Desktop\Lesson Materials\Year 3 Sem 1\C346 Mobile App Development\Android Studio Things\L07\DemoDynamicListViewColourList\.gradle\7.2\fileHashes)" [_thread_blocked, id=18556, stack(0x000000e092200000,0x000000e092300000)]
  0x00000293d0a47000 JavaThread "Cache worker for checksums cache (C:\Users\Tj\Desktop\Lesson Materials\Year 3 Sem 1\C346 Mobile App Development\Android Studio Things\L07\DemoDynamicListViewColourList\.gradle\checksums)" [_thread_blocked, id=22772, stack(0x000000e092600000,0x000000e092700000)]
  0x00000293d0a50800 JavaThread "Cache worker for cache directory md-supplier (C:\Users\Tj\.gradle\caches\7.2\md-supplier)" [_thread_blocked, id=14452, stack(0x000000e092700000,0x000000e092800000)]
  0x00000293d0a52800 JavaThread "Cache worker for cache directory md-rule (C:\Users\Tj\.gradle\caches\7.2\md-rule)" [_thread_blocked, id=18800, stack(0x000000e092e00000,0x000000e092f00000)]
  0x00000293cfa50000 JavaThread "C2 CompilerThread1" daemon [_thread_in_native, id=22980, stack(0x000000e092f00000,0x000000e093000000)]

Other Threads:
  0x00000293ccfc0000 VMThread "VM Thread" [stack: 0x000000e090b00000,0x000000e090c00000] [id=11620]
  0x00000293cd1e3800 WatcherThread [stack: 0x000000e091500000,0x000000e091600000] [id=3456]
  0x00000293b2b82800 GCTaskThread "GC Thread#0" [stack: 0x000000e090600000,0x000000e090700000] [id=23268]
  0x00000293cd6cc000 GCTaskThread "GC Thread#1" [stack: 0x000000e091700000,0x000000e091800000] [id=19052]
  0x00000293cd700800 GCTaskThread "GC Thread#2" [stack: 0x000000e091800000,0x000000e091900000] [id=3728]
  0x00000293cdcfe000 GCTaskThread "GC Thread#3" [stack: 0x000000e091900000,0x000000e091a00000] [id=10596]
  0x00000293b2bb5000 ConcurrentGCThread "G1 Main Marker" [stack: 0x000000e090700000,0x000000e090800000] [id=10508]
  0x00000293b2bb6000 ConcurrentGCThread "G1 Conc#0" [stack: 0x000000e090800000,0x000000e090900000] [id=18952]
  0x00000293b2c3e800 ConcurrentGCThread "G1 Refine#0" [stack: 0x000000e090900000,0x000000e090a00000] [id=116]
  0x00000293cc606800 ConcurrentGCThread "G1 Young RemSet Sampling" [stack: 0x000000e090a00000,0x000000e090b00000] [id=12768]

Threads with active compile tasks:
C2 CompilerThread0 755310 11557       4       groovyjarjarantlr4.v4.runtime.atn.ParserATNSimulator::closure (784 bytes)
C2 CompilerThread1 755310 11562       4       groovyjarjarantlr4.v4.runtime.atn.PredictionContext::join (569 bytes)

VM state:not at safepoint (normal execution)

VM Mutex/Monitor currently owned by a thread: None

Heap address: 0x0000000080000000, size: 2048 MB, Compressed Oops mode: 32-bit
Narrow klass base: 0x0000000000000000, Narrow klass shift: 3
Compressed class space size: 1073741824 Address: 0x0000000100000000

Heap:
 garbage-first heap   total 260096K, used 121730K [0x0000000080000000, 0x0000000100000000)
  region size 1024K, 17 young (17408K), 8 survivors (8192K)
 Metaspace       used 99050K, capacity 101791K, committed 102076K, reserved 1138688K
  class space    used 12809K, capacity 13825K, committed 13932K, reserved 1048576K
Heap Regions: E=young(eden), S=young(survivor), O=old, HS=humongous(starts), HC=humongous(continues), CS=collection set, F=free, A=archive, TAMS=top-at-mark-start (previous, next)
|   0|0x0000000080000000, 0x0000000080100000, 0x0000000080100000|100%| O|  |TAMS 0x0000000080100000, 0x0000000080000000| Untracked 
|   1|0x0000000080100000, 0x0000000080200000, 0x0000000080200000|100%| O|  |TAMS 0x0000000080200000, 0x0000000080100000| Untracked 
|   2|0x0000000080200000, 0x0000000080300000, 0x0000000080300000|100%| O|  |TAMS 0x0000000080300000, 0x0000000080200000| Untracked 
|   3|0x0000000080300000, 0x0000000080400000, 0x0000000080400000|100%|HS|  |TAMS 0x0000000080400000, 0x0000000080300000| Complete 
|   4|0x0000000080400000, 0x0000000080500000, 0x0000000080500000|100%|HC|  |TAMS 0x0000000080500000, 0x0000000080400000| Complete 
|   5|0x0000000080500000, 0x0000000080600000, 0x0000000080600000|100%|HC|  |TAMS 0x0000000080600000, 0x0000000080500000| Complete 
|   6|0x0000000080600000, 0x0000000080700000, 0x0000000080700000|100%| O|  |TAMS 0x0000000080700000, 0x0000000080600000| Untracked 
|   7|0x0000000080700000, 0x0000000080800000, 0x0000000080800000|100%| O|  |TAMS 0x0000000080800000, 0x0000000080700000| Untracked 
|   8|0x0000000080800000, 0x0000000080900000, 0x0000000080900000|100%| O|  |TAMS 0x0000000080900000, 0x0000000080800000| Untracked 
|   9|0x0000000080900000, 0x0000000080a00000, 0x0000000080a00000|100%| O|  |TAMS 0x0000000080a00000, 0x0000000080900000| Untracked 
|  10|0x0000000080a00000, 0x0000000080b00000, 0x0000000080b00000|100%|HS|  |TAMS 0x0000000080b00000, 0x0000000080a00000| Complete 
|  11|0x0000000080b00000, 0x0000000080c00000, 0x0000000080c00000|100%|HC|  |TAMS 0x0000000080c00000, 0x0000000080b00000| Complete 
|  12|0x0000000080c00000, 0x0000000080d00000, 0x0000000080d00000|100%|HS|  |TAMS 0x0000000080d00000, 0x0000000080c00000| Complete 
|  13|0x0000000080d00000, 0x0000000080e00000, 0x0000000080e00000|100%|HC|  |TAMS 0x0000000080e00000, 0x0000000080d00000| Complete 
|  14|0x0000000080e00000, 0x0000000080f00000, 0x0000000080f00000|100%|HC|  |TAMS 0x0000000080f00000, 0x0000000080e00000| Complete 
|  15|0x0000000080f00000, 0x0000000081000000, 0x0000000081000000|100%|HS|  |TAMS 0x0000000081000000, 0x0000000080f00000| Complete 
|  16|0x0000000081000000, 0x0000000081100000, 0x0000000081100000|100%|HC|  |TAMS 0x0000000081100000, 0x0000000081000000| Complete 
|  17|0x0000000081100000, 0x0000000081200000, 0x0000000081200000|100%|HC|  |TAMS 0x0000000081200000, 0x0000000081100000| Complete 
|  18|0x0000000081200000, 0x0000000081300000, 0x0000000081300000|100%|HC|  |TAMS 0x0000000081300000, 0x0000000081200000| Complete 
|  19|0x0000000081300000, 0x0000000081400000, 0x0000000081400000|100%| O|  |TAMS 0x0000000081400000, 0x0000000081300000| Untracked 
|  20|0x0000000081400000, 0x0000000081500000, 0x0000000081500000|100%| O|  |TAMS 0x0000000081500000, 0x0000000081400000| Untracked 
|  21|0x0000000081500000, 0x0000000081600000, 0x0000000081600000|100%| O|  |TAMS 0x0000000081600000, 0x0000000081500000| Untracked 
|  22|0x0000000081600000, 0x0000000081700000, 0x0000000081700000|100%| O|  |TAMS 0x0000000081700000, 0x0000000081600000| Untracked 
|  23|0x0000000081700000, 0x0000000081800000, 0x0000000081800000|100%|HS|  |TAMS 0x0000000081800000, 0x0000000081700000| Complete 
|  24|0x0000000081800000, 0x0000000081900000, 0x0000000081900000|100%|HS|  |TAMS 0x0000000081900000, 0x0000000081800000| Complete 
|  25|0x0000000081900000, 0x0000000081a00000, 0x0000000081a00000|100%|HS|  |TAMS 0x0000000081a00000, 0x0000000081900000| Complete 
|  26|0x0000000081a00000, 0x0000000081b00000, 0x0000000081b00000|100%|HS|  |TAMS 0x0000000081b00000, 0x0000000081a00000| Complete 
|  27|0x0000000081b00000, 0x0000000081c00000, 0x0000000081c00000|100%|HC|  |TAMS 0x0000000081c00000, 0x0000000081b00000| Complete 
|  28|0x0000000081c00000, 0x0000000081d00000, 0x0000000081d00000|100%|HC|  |TAMS 0x0000000081d00000, 0x0000000081c00000| Complete 
|  29|0x0000000081d00000, 0x0000000081e00000, 0x0000000081e00000|100%| O|  |TAMS 0x0000000081e00000, 0x0000000081d00000| Untracked 
|  30|0x0000000081e00000, 0x0000000081f00000, 0x0000000081f00000|100%|HS|  |TAMS 0x0000000081f00000, 0x0000000081e00000| Complete 
|  31|0x0000000081f00000, 0x0000000082000000, 0x0000000082000000|100%|HC|  |TAMS 0x0000000082000000, 0x0000000081f00000| Complete 
|  32|0x0000000082000000, 0x0000000082100000, 0x0000000082100000|100%|HC|  |TAMS 0x0000000082100000, 0x0000000082000000| Complete 
|  33|0x0000000082100000, 0x0000000082200000, 0x0000000082200000|100%|HC|  |TAMS 0x0000000082200000, 0x0000000082100000| Complete 
|  34|0x0000000082200000, 0x0000000082300000, 0x0000000082300000|100%| O|  |TAMS 0x0000000082300000, 0x0000000082200000| Untracked 
|  35|0x0000000082300000, 0x0000000082400000, 0x0000000082400000|100%| O|  |TAMS 0x0000000082400000, 0x0000000082300000| Untracked 
|  36|0x0000000082400000, 0x0000000082500000, 0x0000000082500000|100%| O|  |TAMS 0x0000000082500000, 0x0000000082400000| Untracked 
|  37|0x0000000082500000, 0x0000000082600000, 0x0000000082600000|100%| O|  |TAMS 0x0000000082600000, 0x0000000082500000| Untracked 
|  38|0x0000000082600000, 0x0000000082700000, 0x0000000082700000|100%|HS|  |TAMS 0x0000000082700000, 0x0000000082600000| Complete 
|  39|0x0000000082700000, 0x0000000082800000, 0x0000000082800000|100%|HC|  |TAMS 0x0000000082800000, 0x0000000082700000| Complete 
|  40|0x0000000082800000, 0x0000000082900000, 0x0000000082900000|100%| O|  |TAMS 0x0000000082900000, 0x0000000082800000| Untracked 
|  41|0x0000000082900000, 0x0000000082a00000, 0x0000000082a00000|100%| O|  |TAMS 0x0000000082a00000, 0x0000000082900000| Untracked 
|  42|0x0000000082a00000, 0x0000000082b00000, 0x0000000082b00000|100%| O|  |TAMS 0x0000000082b00000, 0x0000000082a00000| Untracked 
|  43|0x0000000082b00000, 0x0000000082c00000, 0x0000000082c00000|100%| O|  |TAMS 0x0000000082c00000, 0x0000000082b00000| Untracked 
|  44|0x0000000082c00000, 0x0000000082d00000, 0x0000000082d00000|100%| O|  |TAMS 0x0000000082d00000, 0x0000000082c00000| Untracked 
|  45|0x0000000082d00000, 0x0000000082e00000, 0x0000000082e00000|100%| O|  |TAMS 0x0000000082e00000, 0x0000000082d00000| Untracked 
|  46|0x0000000082e00000, 0x0000000082f00000, 0x0000000082f00000|100%| O|  |TAMS 0x0000000082f00000, 0x0000000082e00000| Untracked 
|  47|0x0000000082f00000, 0x0000000083000000, 0x0000000083000000|100%| O|  |TAMS 0x0000000083000000, 0x0000000082f00000| Untracked 
|  48|0x0000000083000000, 0x0000000083100000, 0x0000000083100000|100%| O|  |TAMS 0x0000000083100000, 0x0000000083000000| Untracked 
|  49|0x0000000083100000, 0x0000000083200000, 0x0000000083200000|100%| O|  |TAMS 0x0000000083200000, 0x0000000083100000| Untracked 
|  50|0x0000000083200000, 0x0000000083300000, 0x0000000083300000|100%| O|  |TAMS 0x0000000083300000, 0x0000000083200000| Untracked 
|  51|0x0000000083300000, 0x0000000083400000, 0x0000000083400000|100%| O|  |TAMS 0x0000000083400000, 0x0000000083300000| Untracked 
|  52|0x0000000083400000, 0x0000000083500000, 0x0000000083500000|100%| O|  |TAMS 0x0000000083500000, 0x0000000083400000| Untracked 
|  53|0x0000000083500000, 0x0000000083600000, 0x0000000083600000|100%| O|  |TAMS 0x0000000083600000, 0x0000000083500000| Untracked 
|  54|0x0000000083600000, 0x0000000083700000, 0x0000000083700000|100%| O|  |TAMS 0x0000000083700000, 0x0000000083600000| Untracked 
|  55|0x0000000083700000, 0x0000000083800000, 0x0000000083800000|100%| O|  |TAMS 0x0000000083800000, 0x0000000083700000| Untracked 
|  56|0x0000000083800000, 0x0000000083900000, 0x0000000083900000|100%| O|  |TAMS 0x0000000083900000, 0x0000000083800000| Untracked 
|  57|0x0000000083900000, 0x0000000083a00000, 0x0000000083a00000|100%| O|  |TAMS 0x0000000083a00000, 0x0000000083900000| Untracked 
|  58|0x0000000083a00000, 0x0000000083b00000, 0x0000000083b00000|100%| O|  |TAMS 0x0000000083b00000, 0x0000000083a00000| Untracked 
|  59|0x0000000083b00000, 0x0000000083c00000, 0x0000000083c00000|100%| O|  |TAMS 0x0000000083c00000, 0x0000000083b00000| Untracked 
|  60|0x0000000083c00000, 0x0000000083d00000, 0x0000000083d00000|100%| O|  |TAMS 0x0000000083d00000, 0x0000000083c00000| Untracked 
|  61|0x0000000083d00000, 0x0000000083e00000, 0x0000000083e00000|100%| O|  |TAMS 0x0000000083e00000, 0x0000000083d00000| Untracked 
|  62|0x0000000083e00000, 0x0000000083f00000, 0x0000000083f00000|100%| O|  |TAMS 0x0000000083f00000, 0x0000000083e00000| Untracked 
|  63|0x0000000083f00000, 0x0000000084000000, 0x0000000084000000|100%| O|  |TAMS 0x0000000084000000, 0x0000000083f00000| Untracked 
|  64|0x0000000084000000, 0x0000000084100000, 0x0000000084100000|100%| O|  |TAMS 0x0000000084100000, 0x0000000084000000| Untracked 
|  65|0x0000000084100000, 0x0000000084200000, 0x0000000084200000|100%| O|  |TAMS 0x0000000084200000, 0x0000000084100000| Untracked 
|  66|0x0000000084200000, 0x0000000084300000, 0x0000000084300000|100%| O|  |TAMS 0x0000000084300000, 0x0000000084200000| Untracked 
|  67|0x0000000084300000, 0x0000000084400000, 0x0000000084400000|100%| O|  |TAMS 0x0000000084400000, 0x0000000084300000| Untracked 
|  68|0x0000000084400000, 0x0000000084500000, 0x0000000084500000|100%|HS|  |TAMS 0x0000000084500000, 0x0000000084400000| Complete 
|  69|0x0000000084500000, 0x0000000084600000, 0x0000000084600000|100%|HC|  |TAMS 0x0000000084600000, 0x0000000084500000| Complete 
|  70|0x0000000084600000, 0x0000000084700000, 0x0000000084700000|100%|HS|  |TAMS 0x0000000084700000, 0x0000000084600000| Complete 
|  71|0x0000000084700000, 0x0000000084800000, 0x0000000084800000|100%|HC|  |TAMS 0x0000000084800000, 0x0000000084700000| Complete 
|  72|0x0000000084800000, 0x0000000084900000, 0x0000000084900000|100%|HC|  |TAMS 0x0000000084900000, 0x0000000084800000| Complete 
|  73|0x0000000084900000, 0x0000000084a00000, 0x0000000084a00000|100%|HS|  |TAMS 0x0000000084a00000, 0x0000000084900000| Complete 
|  74|0x0000000084a00000, 0x0000000084b00000, 0x0000000084b00000|100%|HC|  |TAMS 0x0000000084b00000, 0x0000000084a00000| Complete 
|  75|0x0000000084b00000, 0x0000000084c00000, 0x0000000084c00000|100%|HC|  |TAMS 0x0000000084c00000, 0x0000000084b00000| Complete 
|  76|0x0000000084c00000, 0x0000000084d00000, 0x0000000084d00000|100%|HC|  |TAMS 0x0000000084d00000, 0x0000000084c00000| Complete 
|  77|0x0000000084d00000, 0x0000000084e00000, 0x0000000084e00000|100%| O|  |TAMS 0x0000000084e00000, 0x0000000084d00000| Untracked 
|  78|0x0000000084e00000, 0x0000000084f00000, 0x0000000084f00000|100%| O|  |TAMS 0x0000000084f00000, 0x0000000084e00000| Untracked 
|  79|0x0000000084f00000, 0x0000000085000000, 0x0000000085000000|100%| O|  |TAMS 0x0000000085000000, 0x0000000084f00000| Untracked 
|  80|0x0000000085000000, 0x0000000085100000, 0x0000000085100000|100%| O|  |TAMS 0x0000000085100000, 0x0000000085000000| Untracked 
|  81|0x0000000085100000, 0x0000000085200000, 0x0000000085200000|100%| O|  |TAMS 0x0000000085200000, 0x0000000085100000| Untracked 
|  82|0x0000000085200000, 0x0000000085300000, 0x0000000085300000|100%| O|  |TAMS 0x0000000085300000, 0x0000000085200000| Untracked 
|  83|0x0000000085300000, 0x0000000085400000, 0x0000000085400000|100%| O|  |TAMS 0x0000000085400000, 0x0000000085300000| Untracked 
|  84|0x0000000085400000, 0x0000000085500000, 0x0000000085500000|100%| O|  |TAMS 0x0000000085500000, 0x0000000085400000| Untracked 
|  85|0x0000000085500000, 0x0000000085600000, 0x0000000085600000|100%| O|  |TAMS 0x0000000085600000, 0x0000000085500000| Untracked 
|  86|0x0000000085600000, 0x0000000085700000, 0x0000000085700000|100%| O|  |TAMS 0x0000000085700000, 0x0000000085600000| Untracked 
|  87|0x0000000085700000, 0x0000000085800000, 0x0000000085800000|100%| O|  |TAMS 0x0000000085800000, 0x0000000085700000| Untracked 
|  88|0x0000000085800000, 0x0000000085900000, 0x0000000085900000|100%| O|  |TAMS 0x0000000085900000, 0x0000000085800000| Untracked 
|  89|0x0000000085900000, 0x0000000085a00000, 0x0000000085a00000|100%| O|  |TAMS 0x0000000085a00000, 0x0000000085900000| Untracked 
|  90|0x0000000085a00000, 0x0000000085b00000, 0x0000000085b00000|100%| O|  |TAMS 0x0000000085b00000, 0x0000000085a00000| Untracked 
|  91|0x0000000085b00000, 0x0000000085c00000, 0x0000000085c00000|100%| O|  |TAMS 0x0000000085c00000, 0x0000000085b00000| Untracked 
|  92|0x0000000085c00000, 0x0000000085d00000, 0x0000000085d00000|100%| O|  |TAMS 0x0000000085d00000, 0x0000000085c00000| Untracked 
|  93|0x0000000085d00000, 0x0000000085e00000, 0x0000000085e00000|100%| O|  |TAMS 0x0000000085e00000, 0x0000000085d00000| Untracked 
|  94|0x0000000085e00000, 0x0000000085f00000, 0x0000000085f00000|100%| O|  |TAMS 0x0000000085f00000, 0x0000000085e00000| Untracked 
|  95|0x0000000085f00000, 0x0000000086000000, 0x0000000086000000|100%| O|  |TAMS 0x0000000086000000, 0x0000000085f00000| Untracked 
|  96|0x0000000086000000, 0x0000000086100000, 0x0000000086100000|100%| O|  |TAMS 0x0000000086100000, 0x0000000086000000| Untracked 
|  97|0x0000000086100000, 0x0000000086200000, 0x0000000086200000|100%| O|  |TAMS 0x0000000086200000, 0x0000000086100000| Untracked 
|  98|0x0000000086200000, 0x0000000086300000, 0x0000000086300000|100%| O|  |TAMS 0x0000000086300000, 0x0000000086200000| Untracked 
|  99|0x0000000086300000, 0x0000000086400000, 0x0000000086400000|100%| O|  |TAMS 0x0000000086400000, 0x0000000086300000| Untracked 
| 100|0x0000000086400000, 0x0000000086500000, 0x0000000086500000|100%| O|  |TAMS 0x0000000086500000, 0x0000000086400000| Untracked 
| 101|0x0000000086500000, 0x0000000086600000, 0x0000000086600000|100%| O|  |TAMS 0x0000000086600000, 0x0000000086500000| Untracked 
| 102|0x0000000086600000, 0x00000000866e0a00, 0x0000000086700000| 87%| O|  |TAMS 0x00000000866e0a00, 0x0000000086600000| Untracked 
| 103|0x0000000086700000, 0x0000000086700000, 0x0000000086800000|  0%| F|  |TAMS 0x0000000086700000, 0x0000000086700000| Untracked 
| 104|0x0000000086800000, 0x0000000086800000, 0x0000000086900000|  0%| F|  |TAMS 0x0000000086800000, 0x0000000086800000| Untracked 
| 105|0x0000000086900000, 0x0000000086900000, 0x0000000086a00000|  0%| F|  |TAMS 0x0000000086900000, 0x0000000086900000| Untracked 
| 106|0x0000000086a00000, 0x0000000086a00000, 0x0000000086b00000|  0%| F|  |TAMS 0x0000000086a00000, 0x0000000086a00000| Untracked 
| 107|0x0000000086b00000, 0x0000000086b00000, 0x0000000086c00000|  0%| F|  |TAMS 0x0000000086b00000, 0x0000000086b00000| Untracked 
| 108|0x0000000086c00000, 0x0000000086c00000, 0x0000000086d00000|  0%| F|  |TAMS 0x0000000086c00000, 0x0000000086c00000| Untracked 
| 109|0x0000000086d00000, 0x0000000086d00000, 0x0000000086e00000|  0%| F|  |TAMS 0x0000000086d00000, 0x0000000086d00000| Untracked 
| 110|0x0000000086e00000, 0x0000000086e00000, 0x0000000086f00000|  0%| F|  |TAMS 0x0000000086e00000, 0x0000000086e00000| Untracked 
| 111|0x0000000086f00000, 0x0000000086f00000, 0x0000000087000000|  0%| F|  |TAMS 0x0000000086f00000, 0x0000000086f00000| Untracked 
| 112|0x0000000087000000, 0x0000000087000000, 0x0000000087100000|  0%| F|  |TAMS 0x0000000087000000, 0x0000000087000000| Untracked 
| 113|0x0000000087100000, 0x0000000087100000, 0x0000000087200000|  0%| F|  |TAMS 0x0000000087100000, 0x0000000087100000| Untracked 
| 114|0x0000000087200000, 0x0000000087200000, 0x0000000087300000|  0%| F|  |TAMS 0x0000000087200000, 0x0000000087200000| Untracked 
| 115|0x0000000087300000, 0x0000000087300000, 0x0000000087400000|  0%| F|  |TAMS 0x0000000087300000, 0x0000000087300000| Untracked 
| 116|0x0000000087400000, 0x0000000087400000, 0x0000000087500000|  0%| F|  |TAMS 0x0000000087400000, 0x0000000087400000| Untracked 
| 117|0x0000000087500000, 0x0000000087500000, 0x0000000087600000|  0%| F|  |TAMS 0x0000000087500000, 0x0000000087500000| Untracked 
| 118|0x0000000087600000, 0x0000000087600000, 0x0000000087700000|  0%| F|  |TAMS 0x0000000087600000, 0x0000000087600000| Untracked 
| 119|0x0000000087700000, 0x0000000087700000, 0x0000000087800000|  0%| F|  |TAMS 0x0000000087700000, 0x0000000087700000| Untracked 
| 120|0x0000000087800000, 0x0000000087800000, 0x0000000087900000|  0%| F|  |TAMS 0x0000000087800000, 0x0000000087800000| Untracked 
| 121|0x0000000087900000, 0x0000000087900000, 0x0000000087a00000|  0%| F|  |TAMS 0x0000000087900000, 0x0000000087900000| Untracked 
| 122|0x0000000087a00000, 0x0000000087a00000, 0x0000000087b00000|  0%| F|  |TAMS 0x0000000087a00000, 0x0000000087a00000| Untracked 
| 123|0x0000000087b00000, 0x0000000087b00000, 0x0000000087c00000|  0%| F|  |TAMS 0x0000000087b00000, 0x0000000087b00000| Untracked 
| 124|0x0000000087c00000, 0x0000000087c00000, 0x0000000087d00000|  0%| F|  |TAMS 0x0000000087c00000, 0x0000000087c00000| Untracked 
| 125|0x0000000087d00000, 0x0000000087d00000, 0x0000000087e00000|  0%| F|  |TAMS 0x0000000087d00000, 0x0000000087d00000| Untracked 
| 126|0x0000000087e00000, 0x0000000087e00000, 0x0000000087f00000|  0%| F|  |TAMS 0x0000000087e00000, 0x0000000087e00000| Untracked 
| 127|0x0000000087f00000, 0x0000000087f00000, 0x0000000088000000|  0%| F|  |TAMS 0x0000000087f00000, 0x0000000087f00000| Untracked 
| 128|0x0000000088000000, 0x0000000088000000, 0x0000000088100000|  0%| F|  |TAMS 0x0000000088000000, 0x0000000088000000| Untracked 
| 129|0x0000000088100000, 0x0000000088100000, 0x0000000088200000|  0%| F|  |TAMS 0x0000000088100000, 0x0000000088100000| Untracked 
| 130|0x0000000088200000, 0x0000000088200000, 0x0000000088300000|  0%| F|  |TAMS 0x0000000088200000, 0x0000000088200000| Untracked 
| 131|0x0000000088300000, 0x0000000088300000, 0x0000000088400000|  0%| F|  |TAMS 0x0000000088300000, 0x0000000088300000| Untracked 
| 132|0x0000000088400000, 0x0000000088400000, 0x0000000088500000|  0%| F|  |TAMS 0x0000000088400000, 0x0000000088400000| Untracked 
| 133|0x0000000088500000, 0x0000000088500000, 0x0000000088600000|  0%| F|  |TAMS 0x0000000088500000, 0x0000000088500000| Untracked 
| 134|0x0000000088600000, 0x0000000088600000, 0x0000000088700000|  0%| F|  |TAMS 0x0000000088600000, 0x0000000088600000| Untracked 
| 135|0x0000000088700000, 0x0000000088700000, 0x0000000088800000|  0%| F|  |TAMS 0x0000000088700000, 0x0000000088700000| Untracked 
| 136|0x0000000088800000, 0x0000000088800000, 0x0000000088900000|  0%| F|  |TAMS 0x0000000088800000, 0x0000000088800000| Untracked 
| 137|0x0000000088900000, 0x0000000088900000, 0x0000000088a00000|  0%| F|  |TAMS 0x0000000088900000, 0x0000000088900000| Untracked 
| 138|0x0000000088a00000, 0x0000000088a00000, 0x0000000088b00000|  0%| F|  |TAMS 0x0000000088a00000, 0x0000000088a00000| Untracked 
| 139|0x0000000088b00000, 0x0000000088b00000, 0x0000000088c00000|  0%| F|  |TAMS 0x0000000088b00000, 0x0000000088b00000| Untracked 
| 140|0x0000000088c00000, 0x0000000088c00000, 0x0000000088d00000|  0%| F|  |TAMS 0x0000000088c00000, 0x0000000088c00000| Untracked 
| 141|0x0000000088d00000, 0x0000000088d00000, 0x0000000088e00000|  0%| F|  |TAMS 0x0000000088d00000, 0x0000000088d00000| Untracked 
| 142|0x0000000088e00000, 0x0000000088e00000, 0x0000000088f00000|  0%| F|  |TAMS 0x0000000088e00000, 0x0000000088e00000| Untracked 
| 143|0x0000000088f00000, 0x0000000088f00000, 0x0000000089000000|  0%| F|  |TAMS 0x0000000088f00000, 0x0000000088f00000| Untracked 
| 144|0x0000000089000000, 0x0000000089000000, 0x0000000089100000|  0%| F|  |TAMS 0x0000000089000000, 0x0000000089000000| Untracked 
| 145|0x0000000089100000, 0x0000000089100000, 0x0000000089200000|  0%| F|  |TAMS 0x0000000089100000, 0x0000000089100000| Untracked 
| 146|0x0000000089200000, 0x0000000089200000, 0x0000000089300000|  0%| F|  |TAMS 0x0000000089200000, 0x0000000089200000| Untracked 
| 147|0x0000000089300000, 0x0000000089300000, 0x0000000089400000|  0%| F|  |TAMS 0x0000000089300000, 0x0000000089300000| Untracked 
| 148|0x0000000089400000, 0x0000000089400000, 0x0000000089500000|  0%| F|  |TAMS 0x0000000089400000, 0x0000000089400000| Untracked 
| 149|0x0000000089500000, 0x0000000089500000, 0x0000000089600000|  0%| F|  |TAMS 0x0000000089500000, 0x0000000089500000| Untracked 
| 150|0x0000000089600000, 0x0000000089600000, 0x0000000089700000|  0%| F|  |TAMS 0x0000000089600000, 0x0000000089600000| Untracked 
| 151|0x0000000089700000, 0x0000000089700000, 0x0000000089800000|  0%| F|  |TAMS 0x0000000089700000, 0x0000000089700000| Untracked 
| 152|0x0000000089800000, 0x0000000089800000, 0x0000000089900000|  0%| F|  |TAMS 0x0000000089800000, 0x0000000089800000| Untracked 
| 153|0x0000000089900000, 0x0000000089900000, 0x0000000089a00000|  0%| F|  |TAMS 0x0000000089900000, 0x0000000089900000| Untracked 
| 154|0x0000000089a00000, 0x0000000089a00000, 0x0000000089b00000|  0%| F|  |TAMS 0x0000000089a00000, 0x0000000089a00000| Untracked 
| 155|0x0000000089b00000, 0x0000000089b00000, 0x0000000089c00000|  0%| F|  |TAMS 0x0000000089b00000, 0x0000000089b00000| Untracked 
| 156|0x0000000089c00000, 0x0000000089c00000, 0x0000000089d00000|  0%| F|  |TAMS 0x0000000089c00000, 0x0000000089c00000| Untracked 
| 157|0x0000000089d00000, 0x0000000089d00000, 0x0000000089e00000|  0%| F|  |TAMS 0x0000000089d00000, 0x0000000089d00000| Untracked 
| 158|0x0000000089e00000, 0x0000000089e00000, 0x0000000089f00000|  0%| F|  |TAMS 0x0000000089e00000, 0x0000000089e00000| Untracked 
| 159|0x0000000089f00000, 0x0000000089f00000, 0x000000008a000000|  0%| F|  |TAMS 0x0000000089f00000, 0x0000000089f00000| Untracked 
| 160|0x000000008a000000, 0x000000008a000000, 0x000000008a100000|  0%| F|  |TAMS 0x000000008a000000, 0x000000008a000000| Untracked 
| 161|0x000000008a100000, 0x000000008a100000, 0x000000008a200000|  0%| F|  |TAMS 0x000000008a100000, 0x000000008a100000| Untracked 
| 162|0x000000008a200000, 0x000000008a200000, 0x000000008a300000|  0%| F|  |TAMS 0x000000008a200000, 0x000000008a200000| Untracked 
| 163|0x000000008a300000, 0x000000008a300000, 0x000000008a400000|  0%| F|  |TAMS 0x000000008a300000, 0x000000008a300000| Untracked 
| 164|0x000000008a400000, 0x000000008a400000, 0x000000008a500000|  0%| F|  |TAMS 0x000000008a400000, 0x000000008a400000| Untracked 
| 165|0x000000008a500000, 0x000000008a500000, 0x000000008a600000|  0%| F|  |TAMS 0x000000008a500000, 0x000000008a500000| Untracked 
| 166|0x000000008a600000, 0x000000008a600000, 0x000000008a700000|  0%| F|  |TAMS 0x000000008a600000, 0x000000008a600000| Untracked 
| 167|0x000000008a700000, 0x000000008a700000, 0x000000008a800000|  0%| F|  |TAMS 0x000000008a700000, 0x000000008a700000| Untracked 
| 168|0x000000008a800000, 0x000000008a800000, 0x000000008a900000|  0%| F|  |TAMS 0x000000008a800000, 0x000000008a800000| Untracked 
| 169|0x000000008a900000, 0x000000008a900000, 0x000000008aa00000|  0%| F|  |TAMS 0x000000008a900000, 0x000000008a900000| Untracked 
| 170|0x000000008aa00000, 0x000000008aa00000, 0x000000008ab00000|  0%| F|  |TAMS 0x000000008aa00000, 0x000000008aa00000| Untracked 
| 171|0x000000008ab00000, 0x000000008ab00000, 0x000000008ac00000|  0%| F|  |TAMS 0x000000008ab00000, 0x000000008ab00000| Untracked 
| 172|0x000000008ac00000, 0x000000008ac00000, 0x000000008ad00000|  0%| F|  |TAMS 0x000000008ac00000, 0x000000008ac00000| Untracked 
| 173|0x000000008ad00000, 0x000000008ad00000, 0x000000008ae00000|  0%| F|  |TAMS 0x000000008ad00000, 0x000000008ad00000| Untracked 
| 174|0x000000008ae00000, 0x000000008ae00000, 0x000000008af00000|  0%| F|  |TAMS 0x000000008ae00000, 0x000000008ae00000| Untracked 
| 175|0x000000008af00000, 0x000000008af00000, 0x000000008b000000|  0%| F|  |TAMS 0x000000008af00000, 0x000000008af00000| Untracked 
| 176|0x000000008b000000, 0x000000008b000000, 0x000000008b100000|  0%| F|  |TAMS 0x000000008b000000, 0x000000008b000000| Untracked 
| 177|0x000000008b100000, 0x000000008b100000, 0x000000008b200000|  0%| F|  |TAMS 0x000000008b100000, 0x000000008b100000| Untracked 
| 178|0x000000008b200000, 0x000000008b200000, 0x000000008b300000|  0%| F|  |TAMS 0x000000008b200000, 0x000000008b200000| Untracked 
| 179|0x000000008b300000, 0x000000008b300000, 0x000000008b400000|  0%| F|  |TAMS 0x000000008b300000, 0x000000008b300000| Untracked 
| 180|0x000000008b400000, 0x000000008b400000, 0x000000008b500000|  0%| F|  |TAMS 0x000000008b400000, 0x000000008b400000| Untracked 
| 181|0x000000008b500000, 0x000000008b500000, 0x000000008b600000|  0%| F|  |TAMS 0x000000008b500000, 0x000000008b500000| Untracked 
| 182|0x000000008b600000, 0x000000008b600000, 0x000000008b700000|  0%| F|  |TAMS 0x000000008b600000, 0x000000008b600000| Untracked 
| 183|0x000000008b700000, 0x000000008b700000, 0x000000008b800000|  0%| F|  |TAMS 0x000000008b700000, 0x000000008b700000| Untracked 
| 184|0x000000008b800000, 0x000000008b800000, 0x000000008b900000|  0%| F|  |TAMS 0x000000008b800000, 0x000000008b800000| Untracked 
| 185|0x000000008b900000, 0x000000008b900000, 0x000000008ba00000|  0%| F|  |TAMS 0x000000008b900000, 0x000000008b900000| Untracked 
| 186|0x000000008ba00000, 0x000000008ba00000, 0x000000008bb00000|  0%| F|  |TAMS 0x000000008ba00000, 0x000000008ba00000| Untracked 
| 187|0x000000008bb00000, 0x000000008bb00000, 0x000000008bc00000|  0%| F|  |TAMS 0x000000008bb00000, 0x000000008bb00000| Untracked 
| 188|0x000000008bc00000, 0x000000008bc00000, 0x000000008bd00000|  0%| F|  |TAMS 0x000000008bc00000, 0x000000008bc00000| Untracked 
| 189|0x000000008bd00000, 0x000000008bd00000, 0x000000008be00000|  0%| F|  |TAMS 0x000000008bd00000, 0x000000008bd00000| Untracked 
| 190|0x000000008be00000, 0x000000008be00000, 0x000000008bf00000|  0%| F|  |TAMS 0x000000008be00000, 0x000000008be00000| Untracked 
| 191|0x000000008bf00000, 0x000000008bf00000, 0x000000008c000000|  0%| F|  |TAMS 0x000000008bf00000, 0x000000008bf00000| Untracked 
| 192|0x000000008c000000, 0x000000008c000000, 0x000000008c100000|  0%| F|  |TAMS 0x000000008c000000, 0x000000008c000000| Untracked 
| 193|0x000000008c100000, 0x000000008c100000, 0x000000008c200000|  0%| F|  |TAMS 0x000000008c100000, 0x000000008c100000| Untracked 
| 194|0x000000008c200000, 0x000000008c200000, 0x000000008c300000|  0%| F|  |TAMS 0x000000008c200000, 0x000000008c200000| Untracked 
| 195|0x000000008c300000, 0x000000008c300000, 0x000000008c400000|  0%| F|  |TAMS 0x000000008c300000, 0x000000008c300000| Untracked 
| 196|0x000000008c400000, 0x000000008c400000, 0x000000008c500000|  0%| F|  |TAMS 0x000000008c400000, 0x000000008c400000| Untracked 
| 197|0x000000008c500000, 0x000000008c500000, 0x000000008c600000|  0%| F|  |TAMS 0x000000008c500000, 0x000000008c500000| Untracked 
| 198|0x000000008c600000, 0x000000008c600000, 0x000000008c700000|  0%| F|  |TAMS 0x000000008c600000, 0x000000008c600000| Untracked 
| 199|0x000000008c700000, 0x000000008c700000, 0x000000008c800000|  0%| F|  |TAMS 0x000000008c700000, 0x000000008c700000| Untracked 
| 200|0x000000008c800000, 0x000000008c800000, 0x000000008c900000|  0%| F|  |TAMS 0x000000008c800000, 0x000000008c800000| Untracked 
| 201|0x000000008c900000, 0x000000008c900000, 0x000000008ca00000|  0%| F|  |TAMS 0x000000008c900000, 0x000000008c900000| Untracked 
| 202|0x000000008ca00000, 0x000000008ca00000, 0x000000008cb00000|  0%| F|  |TAMS 0x000000008ca00000, 0x000000008ca00000| Untracked 
| 203|0x000000008cb00000, 0x000000008cb00000, 0x000000008cc00000|  0%| F|  |TAMS 0x000000008cb00000, 0x000000008cb00000| Untracked 
| 204|0x000000008cc00000, 0x000000008cc00000, 0x000000008cd00000|  0%| F|  |TAMS 0x000000008cc00000, 0x000000008cc00000| Untracked 
| 205|0x000000008cd00000, 0x000000008cd00000, 0x000000008ce00000|  0%| F|  |TAMS 0x000000008cd00000, 0x000000008cd00000| Untracked 
| 206|0x000000008ce00000, 0x000000008ce00000, 0x000000008cf00000|  0%| F|  |TAMS 0x000000008ce00000, 0x000000008ce00000| Untracked 
| 207|0x000000008cf00000, 0x000000008cf00000, 0x000000008d000000|  0%| F|  |TAMS 0x000000008cf00000, 0x000000008cf00000| Untracked 
| 208|0x000000008d000000, 0x000000008d000000, 0x000000008d100000|  0%| F|  |TAMS 0x000000008d000000, 0x000000008d000000| Untracked 
| 209|0x000000008d100000, 0x000000008d100000, 0x000000008d200000|  0%| F|  |TAMS 0x000000008d100000, 0x000000008d100000| Untracked 
| 210|0x000000008d200000, 0x000000008d200000, 0x000000008d300000|  0%| F|  |TAMS 0x000000008d200000, 0x000000008d200000| Untracked 
| 211|0x000000008d300000, 0x000000008d300000, 0x000000008d400000|  0%| F|  |TAMS 0x000000008d300000, 0x000000008d300000| Untracked 
| 212|0x000000008d400000, 0x000000008d400000, 0x000000008d500000|  0%| F|  |TAMS 0x000000008d400000, 0x000000008d400000| Untracked 
| 213|0x000000008d500000, 0x000000008d500000, 0x000000008d600000|  0%| F|  |TAMS 0x000000008d500000, 0x000000008d500000| Untracked 
| 214|0x000000008d600000, 0x000000008d600000, 0x000000008d700000|  0%| F|  |TAMS 0x000000008d600000, 0x000000008d600000| Untracked 
| 215|0x000000008d700000, 0x000000008d700000, 0x000000008d800000|  0%| F|  |TAMS 0x000000008d700000, 0x000000008d700000| Untracked 
| 216|0x000000008d800000, 0x000000008d800000, 0x000000008d900000|  0%| F|  |TAMS 0x000000008d800000, 0x000000008d800000| Untracked 
| 217|0x000000008d900000, 0x000000008d900000, 0x000000008da00000|  0%| F|  |TAMS 0x000000008d900000, 0x000000008d900000| Untracked 
| 218|0x000000008da00000, 0x000000008db00000, 0x000000008db00000|100%| S|CS|TAMS 0x000000008da00000, 0x000000008da00000| Complete 
| 219|0x000000008db00000, 0x000000008dc00000, 0x000000008dc00000|100%| S|CS|TAMS 0x000000008db00000, 0x000000008db00000| Complete 
| 220|0x000000008dc00000, 0x000000008dd00000, 0x000000008dd00000|100%| S|CS|TAMS 0x000000008dc00000, 0x000000008dc00000| Complete 
| 221|0x000000008dd00000, 0x000000008de00000, 0x000000008de00000|100%| S|CS|TAMS 0x000000008dd00000, 0x000000008dd00000| Complete 
| 222|0x000000008de00000, 0x000000008df00000, 0x000000008df00000|100%| S|CS|TAMS 0x000000008de00000, 0x000000008de00000| Complete 
| 223|0x000000008df00000, 0x000000008e000000, 0x000000008e000000|100%| S|CS|TAMS 0x000000008df00000, 0x000000008df00000| Complete 
| 224|0x000000008e000000, 0x000000008e100000, 0x000000008e100000|100%| S|CS|TAMS 0x000000008e000000, 0x000000008e000000| Complete 
| 225|0x000000008e100000, 0x000000008e200000, 0x000000008e200000|100%| S|CS|TAMS 0x000000008e100000, 0x000000008e100000| Complete 
| 226|0x000000008e200000, 0x000000008e200000, 0x000000008e300000|  0%| F|  |TAMS 0x000000008e200000, 0x000000008e200000| Untracked 
| 227|0x000000008e300000, 0x000000008e300000, 0x000000008e400000|  0%| F|  |TAMS 0x000000008e300000, 0x000000008e300000| Untracked 
| 228|0x000000008e400000, 0x000000008e400000, 0x000000008e500000|  0%| F|  |TAMS 0x000000008e400000, 0x000000008e400000| Untracked 
| 229|0x000000008e500000, 0x000000008e500000, 0x000000008e600000|  0%| F|  |TAMS 0x000000008e500000, 0x000000008e500000| Untracked 
| 230|0x000000008e600000, 0x000000008e600000, 0x000000008e700000|  0%| F|  |TAMS 0x000000008e600000, 0x000000008e600000| Untracked 
| 231|0x000000008e700000, 0x000000008e700000, 0x000000008e800000|  0%| F|  |TAMS 0x000000008e700000, 0x000000008e700000| Untracked 
| 232|0x000000008e800000, 0x000000008e800000, 0x000000008e900000|  0%| F|  |TAMS 0x000000008e800000, 0x000000008e800000| Untracked 
| 233|0x000000008e900000, 0x000000008e900000, 0x000000008ea00000|  0%| F|  |TAMS 0x000000008e900000, 0x000000008e900000| Untracked 
| 234|0x000000008ea00000, 0x000000008ea00000, 0x000000008eb00000|  0%| F|  |TAMS 0x000000008ea00000, 0x000000008ea00000| Untracked 
| 235|0x000000008eb00000, 0x000000008eb00000, 0x000000008ec00000|  0%| F|  |TAMS 0x000000008eb00000, 0x000000008eb00000| Untracked 
| 236|0x000000008ec00000, 0x000000008ec00000, 0x000000008ed00000|  0%| F|  |TAMS 0x000000008ec00000, 0x000000008ec00000| Untracked 
| 237|0x000000008ed00000, 0x000000008ed00000, 0x000000008ee00000|  0%| F|  |TAMS 0x000000008ed00000, 0x000000008ed00000| Untracked 
| 238|0x000000008ee00000, 0x000000008ee00000, 0x000000008ef00000|  0%| F|  |TAMS 0x000000008ee00000, 0x000000008ee00000| Untracked 
| 239|0x000000008ef00000, 0x000000008ef00000, 0x000000008f000000|  0%| F|  |TAMS 0x000000008ef00000, 0x000000008ef00000| Untracked 
| 240|0x000000008f000000, 0x000000008f000000, 0x000000008f100000|  0%| F|  |TAMS 0x000000008f000000, 0x000000008f000000| Untracked 
| 241|0x000000008f100000, 0x000000008f100000, 0x000000008f200000|  0%| F|  |TAMS 0x000000008f100000, 0x000000008f100000| Untracked 
| 242|0x000000008f200000, 0x000000008f200000, 0x000000008f300000|  0%| F|  |TAMS 0x000000008f200000, 0x000000008f200000| Untracked 
| 243|0x000000008f300000, 0x000000008f300000, 0x000000008f400000|  0%| F|  |TAMS 0x000000008f300000, 0x000000008f300000| Untracked 
| 244|0x000000008f400000, 0x000000008f400000, 0x000000008f500000|  0%| F|  |TAMS 0x000000008f400000, 0x000000008f400000| Untracked 
| 245|0x000000008f500000, 0x000000008f5e0218, 0x000000008f600000| 87%| E|  |TAMS 0x000000008f500000, 0x000000008f500000| Complete 
| 246|0x000000008f600000, 0x000000008f700000, 0x000000008f700000|100%| E|CS|TAMS 0x000000008f600000, 0x000000008f600000| Complete 
| 247|0x000000008f700000, 0x000000008f800000, 0x000000008f800000|100%| E|CS|TAMS 0x000000008f700000, 0x000000008f700000| Complete 
| 248|0x000000008f800000, 0x000000008f900000, 0x000000008f900000|100%| E|CS|TAMS 0x000000008f800000, 0x000000008f800000| Complete 
| 249|0x000000008f900000, 0x000000008fa00000, 0x000000008fa00000|100%| E|CS|TAMS 0x000000008f900000, 0x000000008f900000| Complete 
| 250|0x000000008fa00000, 0x000000008fb00000, 0x000000008fb00000|100%| E|CS|TAMS 0x000000008fa00000, 0x000000008fa00000| Complete 
| 251|0x000000008fb00000, 0x000000008fc00000, 0x000000008fc00000|100%| E|CS|TAMS 0x000000008fb00000, 0x000000008fb00000| Complete 
| 252|0x000000008fc00000, 0x000000008fd00000, 0x000000008fd00000|100%| E|CS|TAMS 0x000000008fc00000, 0x000000008fc00000| Complete 
| 253|0x000000008fd00000, 0x000000008fe00000, 0x000000008fe00000|100%| E|CS|TAMS 0x000000008fd00000, 0x000000008fd00000| Complete 

Card table byte_map: [0x00000293c5a60000,0x00000293c5e60000] _byte_map_base: 0x00000293c5660000

Marking Bits (Prev, Next): (CMBitMap*) 0x00000293b2bac138, (CMBitMap*) 0x00000293b2bac170
 Prev Bits: [0x00000293c6260000, 0x00000293c8260000)
 Next Bits: [0x00000293c8260000, 0x00000293ca260000)

Polling page: 0x00000293b0d00000

Metaspace:

Usage:
  Non-class:     85.90 MB capacity,    84.23 MB ( 98%) used,     1.39 MB (  2%) free+waste,   291.75 KB ( <1%) overhead. 
      Class:     13.50 MB capacity,    12.51 MB ( 93%) used,   879.26 KB (  6%) free+waste,   136.50 KB ( <1%) overhead. 
       Both:     99.41 MB capacity,    96.74 MB ( 97%) used,     2.25 MB (  2%) free+waste,   428.25 KB ( <1%) overhead. 

Virtual space:
  Non-class space:       88.00 MB reserved,      86.08 MB ( 98%) committed 
      Class space:        1.00 GB reserved,      13.61 MB (  1%) committed 
             Both:        1.09 GB reserved,      99.68 MB (  9%) committed 

Chunk freelists:
   Non-Class:  50.00 KB
       Class:  31.00 KB
        Both:  81.00 KB

MaxMetaspaceSize: 17179869184.00 GB
CompressedClassSpaceSize: 1.00 GB

CodeHeap 'non-profiled nmethods': size=120064Kb used=7159Kb max_used=7159Kb free=112904Kb
 bounds [0x00000293be120000, 0x00000293be820000, 0x00000293c5660000]
CodeHeap 'profiled nmethods': size=120000Kb used=25739Kb max_used=25739Kb free=94260Kb
 bounds [0x00000293b6bf0000, 0x00000293b8520000, 0x00000293be120000]
CodeHeap 'non-nmethods': size=5696Kb used=2314Kb max_used=2362Kb free=3381Kb
 bounds [0x00000293b6660000, 0x00000293b68d0000, 0x00000293b6bf0000]
 total_blobs=12450 nmethods=11529 adapters=832
 compilation: enabled
              stopped_count=0, restarted_count=0
 full_count=0

Compilation events (20 events):
Event: 755.196 Thread 0x00000293cfa50000 11559       4       java.util.HashMap::get (23 bytes)
Event: 755.197 Thread 0x00000293cd024000 nmethod 11565 0x00000293b8500710 code [0x00000293b8500ae0, 0x00000293b8502738]
Event: 755.197 Thread 0x00000293cd024000 11566       1       groovyjarjarantlr4.v4.runtime.Recognizer::setState (6 bytes)
Event: 755.197 Thread 0x00000293cd024000 nmethod 11566 0x00000293be81b810 code [0x00000293be81b9c0, 0x00000293be81ba78]
Event: 755.197 Thread 0x00000293cd024000 11567       1       groovyjarjarantlr4.v4.runtime.atn.ATNConfigSet::getUniqueAlt (5 bytes)
Event: 755.197 Thread 0x00000293cd024000 nmethod 11567 0x00000293be81bb10 code [0x00000293be81bcc0, 0x00000293be81bd78]
Event: 755.204 Thread 0x00000293cfa50000 nmethod 11559 0x00000293be81be10 code [0x00000293be81bfe0, 0x00000293be81c2d8]
Event: 755.204 Thread 0x00000293cfa50000 11562       4       groovyjarjarantlr4.v4.runtime.atn.PredictionContext::join (569 bytes)
Event: 755.210 Thread 0x00000293cd024000 11570       3       java.lang.invoke.VarHandleGuards::guard_LI_I (63 bytes)
Event: 755.211 Thread 0x00000293cd024000 nmethod 11570 0x00000293b8503110 code [0x00000293b85033c0, 0x00000293b8504348]
Event: 755.211 Thread 0x00000293cd024000 11571       3       java.util.concurrent.atomic.AtomicIntegerArray::get (12 bytes)
Event: 755.212 Thread 0x00000293cd024000 nmethod 11571 0x00000293b8504890 code [0x00000293b8504a80, 0x00000293b8504fe8]
Event: 755.212 Thread 0x00000293cd024000 11572       3       java.lang.invoke.VarHandleInts$Array::getVolatile (34 bytes)
Event: 755.213 Thread 0x00000293cd024000 nmethod 11572 0x00000293b8505210 code [0x00000293b8505420, 0x00000293b8505b88]
Event: 755.216 Thread 0x00000293cd024000 11575       2       groovyjarjarantlr4.v4.runtime.atn.ParserATNSimulator::predTransition (66 bytes)
Event: 755.217 Thread 0x00000293cd024000 nmethod 11575 0x00000293b8505e10 code [0x00000293b8506020, 0x00000293b8506388]
Event: 755.228 Thread 0x00000293cd024000 11577       1       groovyjarjarantlr4.v4.runtime.atn.RuleStopState::getNonStopStateNumber (2 bytes)
Event: 755.228 Thread 0x00000293cd024000 nmethod 11577 0x00000293be81c790 code [0x00000293be81c940, 0x00000293be81c9f8]
Event: 755.229 Thread 0x00000293cd024000 11578       1       groovyjarjarantlr4.v4.runtime.CommonToken::getChannel (5 bytes)
Event: 755.229 Thread 0x00000293cd024000 nmethod 11578 0x00000293be81ca90 code [0x00000293be81cc40, 0x00000293be81ccf8]

GC Heap History (20 events):
Event: 6.511 GC heap before
{Heap before GC invocations=5 (full 0):
 garbage-first heap   total 260096K, used 96923K [0x0000000080000000, 0x0000000100000000)
  region size 1024K, 77 young (78848K), 8 survivors (8192K)
 Metaspace       used 27577K, capacity 28347K, committed 28540K, reserved 1073152K
  class space    used 3627K, capacity 3915K, committed 4044K, reserved 1048576K
}
Event: 6.524 GC heap after
{Heap after GC invocations=6 (full 0):
 garbage-first heap   total 260096K, used 32836K [0x0000000080000000, 0x0000000100000000)
  region size 1024K, 10 young (10240K), 10 survivors (10240K)
 Metaspace       used 27577K, capacity 28347K, committed 28540K, reserved 1073152K
  class space    used 3627K, capacity 3915K, committed 4044K, reserved 1048576K
}
Event: 7.578 GC heap before
{Heap before GC invocations=6 (full 0):
 garbage-first heap   total 260096K, used 85060K [0x0000000080000000, 0x0000000100000000)
  region size 1024K, 62 young (63488K), 10 survivors (10240K)
 Metaspace       used 34973K, capacity 35949K, committed 36048K, reserved 1081344K
  class space    used 4555K, capacity 4920K, committed 4940K, reserved 1048576K
}
Event: 7.594 GC heap after
{Heap after GC invocations=7 (full 0):
 garbage-first heap   total 260096K, used 35805K [0x0000000080000000, 0x0000000100000000)
  region size 1024K, 13 young (13312K), 13 survivors (13312K)
 Metaspace       used 34973K, capacity 35949K, committed 36048K, reserved 1081344K
  class space    used 4555K, capacity 4920K, committed 4940K, reserved 1048576K
}
Event: 10.608 GC heap before
{Heap before GC invocations=8 (full 0):
 garbage-first heap   total 260096K, used 188381K [0x0000000080000000, 0x0000000100000000)
  region size 1024K, 152 young (155648K), 13 survivors (13312K)
 Metaspace       used 46515K, capacity 47800K, committed 47900K, reserved 1091584K
  class space    used 5891K, capacity 6337K, committed 6348K, reserved 1048576K
}
Event: 10.641 GC heap after
{Heap after GC invocations=9 (full 0):
 garbage-first heap   total 260096K, used 53920K [0x0000000080000000, 0x0000000100000000)
  region size 1024K, 19 young (19456K), 19 survivors (19456K)
 Metaspace       used 46515K, capacity 47800K, committed 47900K, reserved 1091584K
  class space    used 5891K, capacity 6337K, committed 6348K, reserved 1048576K
}
Event: 13.426 GC heap before
{Heap before GC invocations=9 (full 0):
 garbage-first heap   total 260096K, used 194208K [0x0000000080000000, 0x0000000100000000)
  region size 1024K, 152 young (155648K), 19 survivors (19456K)
 Metaspace       used 56296K, capacity 57994K, committed 58140K, reserved 1099776K
  class space    used 7199K, capacity 7785K, committed 7884K, reserved 1048576K
}
Event: 13.459 GC heap after
{Heap after GC invocations=10 (full 0):
 garbage-first heap   total 260096K, used 69913K [0x0000000080000000, 0x0000000100000000)
  region size 1024K, 11 young (11264K), 11 survivors (11264K)
 Metaspace       used 56296K, capacity 57994K, committed 58140K, reserved 1099776K
  class space    used 7199K, capacity 7785K, committed 7884K, reserved 1048576K
}
Event: 13.821 GC heap before
{Heap before GC invocations=10 (full 0):
 garbage-first heap   total 260096K, used 86297K [0x0000000080000000, 0x0000000100000000)
  region size 1024K, 28 young (28672K), 11 survivors (11264K)
 Metaspace       used 58877K, capacity 60580K, committed 60636K, reserved 1101824K
  class space    used 7473K, capacity 8069K, committed 8076K, reserved 1048576K
}
Event: 13.842 GC heap after
{Heap after GC invocations=11 (full 0):
 garbage-first heap   total 260096K, used 71665K [0x0000000080000000, 0x0000000100000000)
  region size 1024K, 2 young (2048K), 2 survivors (2048K)
 Metaspace       used 58877K, capacity 60580K, committed 60636K, reserved 1101824K
  class space    used 7473K, capacity 8069K, committed 8076K, reserved 1048576K
}
Event: 18.041 GC heap before
{Heap before GC invocations=12 (full 0):
 garbage-first heap   total 260096K, used 204785K [0x0000000080000000, 0x0000000100000000)
  region size 1024K, 132 young (135168K), 2 survivors (2048K)
 Metaspace       used 70080K, capacity 71886K, committed 72156K, reserved 1112064K
  class space    used 9062K, capacity 9736K, committed 9868K, reserved 1048576K
}
Event: 18.060 GC heap after
{Heap after GC invocations=13 (full 0):
 garbage-first heap   total 260096K, used 79716K [0x0000000080000000, 0x0000000100000000)
  region size 1024K, 10 young (10240K), 10 survivors (10240K)
 Metaspace       used 70080K, capacity 71886K, committed 72156K, reserved 1112064K
  class space    used 9062K, capacity 9736K, committed 9868K, reserved 1048576K
}
Event: 21.160 GC heap before
{Heap before GC invocations=13 (full 0):
 garbage-first heap   total 260096K, used 215908K [0x0000000080000000, 0x0000000100000000)
  region size 1024K, 134 young (137216K), 10 survivors (10240K)
 Metaspace       used 80441K, capacity 82492K, committed 82652K, reserved 1120256K
  class space    used 10349K, capacity 11075K, committed 11148K, reserved 1048576K
}
Event: 21.188 GC heap after
{Heap after GC invocations=14 (full 0):
 garbage-first heap   total 260096K, used 99015K [0x0000000080000000, 0x0000000100000000)
  region size 1024K, 10 young (10240K), 10 survivors (10240K)
 Metaspace       used 80441K, capacity 82492K, committed 82652K, reserved 1120256K
  class space    used 10349K, capacity 11075K, committed 11148K, reserved 1048576K
}
Event: 25.312 GC heap before
{Heap before GC invocations=14 (full 0):
 garbage-first heap   total 260096K, used 208583K [0x0000000080000000, 0x0000000100000000)
  region size 1024K, 118 young (120832K), 10 survivors (10240K)
 Metaspace       used 89704K, capacity 91973K, committed 92124K, reserved 1128448K
  class space    used 11552K, capacity 12346K, committed 12428K, reserved 1048576K
}
Event: 25.344 GC heap after
{Heap after GC invocations=15 (full 0):
 garbage-first heap   total 260096K, used 106635K [0x0000000080000000, 0x0000000100000000)
  region size 1024K, 8 young (8192K), 8 survivors (8192K)
 Metaspace       used 89704K, capacity 91973K, committed 92124K, reserved 1128448K
  class space    used 11552K, capacity 12346K, committed 12428K, reserved 1048576K
}
Event: 256.832 GC heap before
{Heap before GC invocations=15 (full 0):
 garbage-first heap   total 260096K, used 211083K [0x0000000080000000, 0x0000000100000000)
  region size 1024K, 110 young (112640K), 8 survivors (8192K)
 Metaspace       used 96111K, capacity 98840K, committed 99036K, reserved 1134592K
  class space    used 12346K, capacity 13379K, committed 13452K, reserved 1048576K
}
Event: 256.842 GC heap after
{Heap after GC invocations=16 (full 0):
 garbage-first heap   total 260096K, used 111334K [0x0000000080000000, 0x0000000100000000)
  region size 1024K, 13 young (13312K), 13 survivors (13312K)
 Metaspace       used 96111K, capacity 98840K, committed 99036K, reserved 1134592K
  class space    used 12346K, capacity 13379K, committed 13452K, reserved 1048576K
}
Event: 754.733 GC heap before
{Heap before GC invocations=16 (full 0):
 garbage-first heap   total 260096K, used 137958K [0x0000000080000000, 0x0000000100000000)
  region size 1024K, 41 young (41984K), 13 survivors (13312K)
 Metaspace       used 98747K, capacity 101405K, committed 101468K, reserved 1136640K
  class space    used 12790K, capacity 13803K, committed 13836K, reserved 1048576K
}
Event: 754.766 GC heap after
{Heap after GC invocations=17 (full 0):
 garbage-first heap   total 260096K, used 113538K [0x0000000080000000, 0x0000000100000000)
  region size 1024K, 8 young (8192K), 8 survivors (8192K)
 Metaspace       used 98747K, capacity 101405K, committed 101468K, reserved 1136640K
  class space    used 12790K, capacity 13803K, committed 13836K, reserved 1048576K
}

Deoptimization events (20 events):
Event: 755.064 Thread 0x00000293d0a46000 Uncommon trap: trap_request=0xffffff4d fr.pc=0x00000293be29b06c relative=0x000000000000022c
Event: 755.064 Thread 0x00000293d0a46000 Uncommon trap: reason=unstable_if action=reinterpret pc=0x00000293be29b06c method=java.util.HashMap.getNode(ILjava/lang/Object;)Ljava/util/HashMap$Node; @ 84 c2
Event: 755.064 Thread 0x00000293d0a46000 DEOPT PACKING pc=0x00000293be29b06c sp=0x000000e091ef7830
Event: 755.064 Thread 0x00000293d0a46000 DEOPT UNPACKING pc=0x00000293b668662f sp=0x000000e091ef7730 mode 2
Event: 755.163 Thread 0x00000293d0a46000 Uncommon trap: trap_request=0xffffffc6 fr.pc=0x00000293be812394 relative=0x0000000000001b94
Event: 755.163 Thread 0x00000293d0a46000 Uncommon trap: reason=bimorphic_or_optimized_type_check action=maybe_recompile pc=0x00000293be812394 method=groovyjarjarantlr4.v4.runtime.atn.ParserATNSimulator.closure(Lgroovyjarjarantlr4/v4/runtime/atn/ATNConfig;Lgroovyjarjarantlr4/v4/runtime/atn/ATNCon
Event: 755.163 Thread 0x00000293d0a46000 DEOPT PACKING pc=0x00000293be812394 sp=0x000000e091ef7c60
Event: 755.163 Thread 0x00000293d0a46000 DEOPT UNPACKING pc=0x00000293b668662f sp=0x000000e091ef7c38 mode 2
Event: 755.163 Thread 0x00000293d0a46000 Uncommon trap: trap_request=0xffffffc6 fr.pc=0x00000293be812394 relative=0x0000000000001b94
Event: 755.163 Thread 0x00000293d0a46000 Uncommon trap: reason=bimorphic_or_optimized_type_check action=maybe_recompile pc=0x00000293be812394 method=groovyjarjarantlr4.v4.runtime.atn.ParserATNSimulator.closure(Lgroovyjarjarantlr4/v4/runtime/atn/ATNConfig;Lgroovyjarjarantlr4/v4/runtime/atn/ATNCon
Event: 755.163 Thread 0x00000293d0a46000 DEOPT PACKING pc=0x00000293be812394 sp=0x000000e091ef7c60
Event: 755.163 Thread 0x00000293d0a46000 DEOPT UNPACKING pc=0x00000293b668662f sp=0x000000e091ef7c38 mode 2
Event: 755.166 Thread 0x00000293d0a46000 Uncommon trap: trap_request=0xffffffc6 fr.pc=0x00000293be812394 relative=0x0000000000001b94
Event: 755.166 Thread 0x00000293d0a46000 Uncommon trap: reason=bimorphic_or_optimized_type_check action=maybe_recompile pc=0x00000293be812394 method=groovyjarjarantlr4.v4.runtime.atn.ParserATNSimulator.closure(Lgroovyjarjarantlr4/v4/runtime/atn/ATNConfig;Lgroovyjarjarantlr4/v4/runtime/atn/ATNCon
Event: 755.166 Thread 0x00000293d0a46000 DEOPT PACKING pc=0x00000293be812394 sp=0x000000e091ef7b70
Event: 755.166 Thread 0x00000293d0a46000 DEOPT UNPACKING pc=0x00000293b668662f sp=0x000000e091ef7b48 mode 2
Event: 755.166 Thread 0x00000293d0a46000 Uncommon trap: trap_request=0xffffffc6 fr.pc=0x00000293be812394 relative=0x0000000000001b94
Event: 755.166 Thread 0x00000293d0a46000 Uncommon trap: reason=bimorphic_or_optimized_type_check action=maybe_recompile pc=0x00000293be812394 method=groovyjarjarantlr4.v4.runtime.atn.ParserATNSimulator.closure(Lgroovyjarjarantlr4/v4/runtime/atn/ATNConfig;Lgroovyjarjarantlr4/v4/runtime/atn/ATNCon
Event: 755.166 Thread 0x00000293d0a46000 DEOPT PACKING pc=0x00000293be812394 sp=0x000000e091ef7c60
Event: 755.166 Thread 0x00000293d0a46000 DEOPT UNPACKING pc=0x00000293b668662f sp=0x000000e091ef7c38 mode 2

Classes redefined (0 events):
No events

Internal exceptions (20 events):
Event: 29.853 Thread 0x00000293ce989000 Exception <a 'java/lang/NoSuchMethodError'{0x000000008d0f6910}: 'int java.lang.invoke.DirectMethodHandle$Holder.invokeSpecialIFC(java.lang.Object, java.lang.Object, java.lang.Object)'> (0x000000008d0f6910) thrown at [./src/hotspot/share/interpreter/linkResolver.cpp, line 773]
Event: 30.382 Thread 0x00000293ce989000 Exception <a 'java/lang/NoSuchMethodError'{0x000000008c9b3480}: 'void java.lang.invoke.DirectMethodHandle$Holder.invokeStatic(java.lang.Object, int, java.lang.Object)'> (0x000000008c9b3480) thrown at [./src/hotspot/share/interpreter/linkResolver.cpp, line 773]
Event: 30.729 Thread 0x00000293ce989000 Exception <a 'java/lang/NoSuchMethodError'{0x000000008c03b038}: 'java.lang.Object java.lang.invoke.DirectMethodHandle$Holder.invokeStaticInit(java.lang.Object, java.lang.Object, java.lang.Object, java.lang.Object, java.lang.Object, java.lang.Object, java.lang.Object, java.lang.Object, java.lang.Object, java.lang.Object, java.lang.Object, java.lang.Object, java.lang.Object, java.lang.Object, java.lang.Object, java.lang.Object, java.lang.Object, java.lang.Object, int, java.lang.Object, java.lang.Object)'> (0
Event: 30.786 Thread 0x00000293ce989000 Exception <a 'java/lang/NoSuchMethodError'{0x000000008be5e6b8}: 'int java.lang.invoke.DirectMethodHandle$Holder.invokeVirtual(java.lang.Object, java.lang.Object, java.lang.Object, java.lang.Object)'> (0x000000008be5e6b8) thrown at [./src/hotspot/share/interpreter/linkResolver.cpp, line 773]
Event: 30.860 Thread 0x00000293ce989000 Exception <a 'java/lang/NoSuchMethodError'{0x000000008bccc3b0}: 'java.lang.Object java.lang.invoke.DirectMethodHandle$Holder.invokeStatic(java.lang.Object, int, java.lang.Object, java.lang.Object)'> (0x000000008bccc3b0) thrown at [./src/hotspot/share/interpreter/linkResolver.cpp, line 773]
Event: 31.257 Thread 0x00000293ce989000 Exception <a 'java/lang/NoSuchMethodError'{0x000000008a486910}: <clinit>> (0x000000008a486910) thrown at [./src/hotspot/share/prims/jni.cpp, line 1362]
Event: 31.376 Thread 0x00000293cf5d3000 Exception <a 'java/lang/NoSuchMethodError'{0x000000008a089978}: <clinit>> (0x000000008a089978) thrown at [./src/hotspot/share/prims/jni.cpp, line 1362]
Event: 31.380 Thread 0x00000293cf5d3000 Exception <a 'java/lang/NoSuchMethodError'{0x000000008a097f58}: <clinit>> (0x000000008a097f58) thrown at [./src/hotspot/share/prims/jni.cpp, line 1362]
Event: 31.403 Thread 0x00000293cf5d3000 Exception <a 'java/lang/NoSuchMethodError'{0x000000008a0ada10}: <clinit>> (0x000000008a0ada10) thrown at [./src/hotspot/share/prims/jni.cpp, line 1362]
Event: 31.441 Thread 0x00000293ce989000 Exception <a 'java/lang/NoSuchMethodError'{0x0000000089f07c70}: 'int java.lang.invoke.DirectMethodHandle$Holder.invokeVirtual(java.lang.Object, java.lang.Object, java.lang.Object)'> (0x0000000089f07c70) thrown at [./src/hotspot/share/interpreter/linkResolver.cpp, line 773]
Event: 31.442 Thread 0x00000293ce989000 Exception <a 'java/lang/IncompatibleClassChangeError'{0x0000000089f10f08}: Found class java.lang.Object, but interface was expected> (0x0000000089f10f08) thrown at [./src/hotspot/share/interpreter/linkResolver.cpp, line 839]
Event: 31.504 Thread 0x00000293cf5d3000 Exception <a 'java/lang/NoSuchMethodError'{0x0000000089f8f840}: <clinit>> (0x0000000089f8f840) thrown at [./src/hotspot/share/prims/jni.cpp, line 1362]
Event: 31.525 Thread 0x00000293cf5d3000 Exception <a 'java/lang/NoSuchMethodError'{0x0000000089f9ca48}: <clinit>> (0x0000000089f9ca48) thrown at [./src/hotspot/share/prims/jni.cpp, line 1362]
Event: 34.640 Thread 0x00000293cf060000 Implicit null exception at 0x00000293be156874 to 0x00000293be156d74
Event: 34.641 Thread 0x00000293cf060000 Implicit null exception at 0x00000293be515914 to 0x00000293be515ed8
Event: 753.516 Thread 0x00000293d0a46000 Exception <a 'java/lang/ClassNotFoundException'{0x000000008f2cb038}: sync_studio_tooling1_24sryphmu8zrt5qchbd1eax6kBeanInfo> (0x000000008f2cb038) thrown at [./src/hotspot/share/classfile/systemDictionary.cpp, line 231]
Event: 753.516 Thread 0x00000293d0a46000 Exception <a 'java/lang/ClassNotFoundException'{0x000000008f2d7ca0}: sync_studio_tooling1_24sryphmu8zrt5qchbd1eax6kCustomizer> (0x000000008f2d7ca0) thrown at [./src/hotspot/share/classfile/systemDictionary.cpp, line 231]
Event: 753.623 Thread 0x00000293d0a46000 Exception <a 'java/lang/ClassNotFoundException'{0x000000008f1ce8d0}: sync_studio_tooling1_24sryphmu8zrt5qchbd1eax6kBeanInfo> (0x000000008f1ce8d0) thrown at [./src/hotspot/share/classfile/systemDictionary.cpp, line 231]
Event: 753.627 Thread 0x00000293d0a46000 Exception <a 'java/lang/ClassNotFoundException'{0x000000008f1db4d8}: sync_studio_tooling1_24sryphmu8zrt5qchbd1eax6kCustomizer> (0x000000008f1db4d8) thrown at [./src/hotspot/share/classfile/systemDictionary.cpp, line 231]
Event: 753.776 Thread 0x00000293d0a46000 Exception <a 'java/lang/NoSuchMethodError'{0x000000008efd0bb8}: 'void java.lang.invoke.DirectMethodHandle$Holder.invokeVirtual(java.lang.Object, java.lang.Object)'> (0x000000008efd0bb8) thrown at [./src/hotspot/share/interpreter/linkResolver.cpp, line 773]

Events (20 events):
Event: 754.845 loading class groovyjarjarantlr4/v4/runtime/atn/PredictionContextCache$PredictionContextAndInt done
Event: 754.846 loading class groovyjarjarantlr4/v4/runtime/atn/PredictionContextCache$IdentityCommutativePredictionContextOperands
Event: 754.846 loading class groovyjarjarantlr4/v4/runtime/atn/PredictionContextCache$IdentityCommutativePredictionContextOperands done
Event: 754.972 loading class groovyjarjarantlr4/v4/runtime/atn/SimulatorState
Event: 754.972 loading class groovyjarjarantlr4/v4/runtime/atn/SimulatorState done
Event: 754.978 loading class groovyjarjarantlr4/v4/runtime/atn/LexerActionExecutor
Event: 754.978 loading class groovyjarjarantlr4/v4/runtime/atn/LexerActionExecutor done
Event: 755.003 loading class groovyjarjarantlr4/v4/runtime/atn/LexerIndexedCustomAction
Event: 755.003 loading class groovyjarjarantlr4/v4/runtime/atn/LexerIndexedCustomAction done
Event: 755.004 loading class org/apache/groovy/parser/antlr4/GroovyLexer$Paren
Event: 755.004 loading class org/apache/groovy/parser/antlr4/GroovyLexer$Paren done
Event: 755.012 loading class groovyjarjarantlr4/v4/runtime/tree/TerminalNodeImpl
Event: 755.012 loading class groovyjarjarantlr4/v4/runtime/tree/TerminalNodeImpl done
Event: 755.024 Executing VM operation: CGC_Operation
Event: 755.054 Executing VM operation: CGC_Operation done
Event: 755.063 Thread 0x00000293cfa50000 Thread added: 0x00000293cfa50000
Event: 755.129 loading class groovyjarjarantlr4/v4/runtime/atn/ConflictInfo
Event: 755.129 loading class groovyjarjarantlr4/v4/runtime/atn/ConflictInfo done
Event: 755.190 Executing VM operation: CGC_Operation
Event: 755.191 Executing VM operation: CGC_Operation done


Dynamic libraries:
0x00007ff622470000 - 0x00007ff62247a000 	C:\Program Files\Android\Android Studio\jre\bin\java.exe
0x00007ffd5c0f0000 - 0x00007ffd5c304000 	C:\WINDOWS\SYSTEM32\ntdll.dll
0x00007ffd5b780000 - 0x00007ffd5b842000 	C:\WINDOWS\System32\KERNEL32.DLL
0x00007ffd598c0000 - 0x00007ffd59c63000 	C:\WINDOWS\System32\KERNELBASE.dll
0x00007ffd597a0000 - 0x00007ffd598b1000 	C:\WINDOWS\System32\ucrtbase.dll
0x00007ffd482e0000 - 0x00007ffd482f9000 	C:\Program Files\Android\Android Studio\jre\bin\jli.dll
0x00007ffd5a7a0000 - 0x00007ffd5a94b000 	C:\WINDOWS\System32\USER32.dll
0x00007ffd59630000 - 0x00007ffd59656000 	C:\WINDOWS\System32\win32u.dll
0x00007ffd5be00000 - 0x00007ffd5be29000 	C:\WINDOWS\System32\GDI32.dll
0x00007ffd59510000 - 0x00007ffd59628000 	C:\WINDOWS\System32\gdi32full.dll
0x00007ffd59c70000 - 0x00007ffd59d0a000 	C:\WINDOWS\System32\msvcp_win.dll
0x00007ffd36c30000 - 0x00007ffd36c47000 	C:\Program Files\Android\Android Studio\jre\bin\VCRUNTIME140.dll
0x00007ffd42810000 - 0x00007ffd42a9e000 	C:\WINDOWS\WinSxS\amd64_microsoft.windows.common-controls_6595b64144ccf1df_6.0.22621.1635_none_270f70857386168e\COMCTL32.dll
0x00007ffd5b5b0000 - 0x00007ffd5b657000 	C:\WINDOWS\System32\msvcrt.dll
0x00007ffd5b570000 - 0x00007ffd5b5a1000 	C:\WINDOWS\System32\IMM32.DLL
0x00007ffd24da0000 - 0x00007ffd24e3d000 	C:\Program Files\Android\Android Studio\jre\bin\msvcp140.dll
0x00007ffd05060000 - 0x00007ffd05b35000 	C:\Program Files\Android\Android Studio\jre\bin\server\jvm.dll
0x00007ffd59ef0000 - 0x00007ffd59f9e000 	C:\WINDOWS\System32\ADVAPI32.dll
0x00007ffd5bd50000 - 0x00007ffd5bdf4000 	C:\WINDOWS\System32\sechost.dll
0x00007ffd5b660000 - 0x00007ffd5b777000 	C:\WINDOWS\System32\RPCRT4.dll
0x00007ffd5a950000 - 0x00007ffd5a958000 	C:\WINDOWS\System32\PSAPI.DLL
0x00007ffd54b10000 - 0x00007ffd54b19000 	C:\WINDOWS\SYSTEM32\WSOCK32.dll
0x00007ffd5ade0000 - 0x00007ffd5ae51000 	C:\WINDOWS\System32\WS2_32.dll
0x00007ffd51190000 - 0x00007ffd511c4000 	C:\WINDOWS\SYSTEM32\WINMM.dll
0x00007ffd4b600000 - 0x00007ffd4b60a000 	C:\WINDOWS\SYSTEM32\VERSION.dll
0x00007ffd58650000 - 0x00007ffd58668000 	C:\WINDOWS\SYSTEM32\kernel.appcore.dll
0x00007ffd523a0000 - 0x00007ffd523b1000 	C:\Program Files\Android\Android Studio\jre\bin\verify.dll
0x00007ffd56f40000 - 0x00007ffd5716e000 	C:\WINDOWS\SYSTEM32\DBGHELP.DLL
0x00007ffd5b850000 - 0x00007ffd5bbd9000 	C:\WINDOWS\System32\combase.dll
0x00007ffd5b220000 - 0x00007ffd5b2f7000 	C:\WINDOWS\System32\OLEAUT32.dll
0x00007ffd46450000 - 0x00007ffd46482000 	C:\WINDOWS\SYSTEM32\dbgcore.DLL
0x00007ffd59720000 - 0x00007ffd5979b000 	C:\WINDOWS\System32\bcryptPrimitives.dll
0x00007ffd512e0000 - 0x00007ffd51309000 	C:\Program Files\Android\Android Studio\jre\bin\java.dll
0x00007ffd52390000 - 0x00007ffd5239b000 	C:\Program Files\Android\Android Studio\jre\bin\jimage.dll
0x00007ffd516b0000 - 0x00007ffd516c8000 	C:\Program Files\Android\Android Studio\jre\bin\zip.dll
0x00007ffd59fa0000 - 0x00007ffd5a79a000 	C:\WINDOWS\System32\SHELL32.dll
0x00007ffd57520000 - 0x00007ffd57dee000 	C:\WINDOWS\SYSTEM32\windows.storage.dll
0x00007ffd573e0000 - 0x00007ffd5751e000 	C:\WINDOWS\SYSTEM32\wintypes.dll
0x00007ffd5b300000 - 0x00007ffd5b3f1000 	C:\WINDOWS\System32\SHCORE.dll
0x00007ffd5b1c0000 - 0x00007ffd5b21e000 	C:\WINDOWS\System32\shlwapi.dll
0x00007ffd59440000 - 0x00007ffd59461000 	C:\WINDOWS\SYSTEM32\profapi.dll
0x00007ffd51250000 - 0x00007ffd5126a000 	C:\Program Files\Android\Android Studio\jre\bin\net.dll
0x00007ffd50ea0000 - 0x00007ffd50fd7000 	C:\WINDOWS\SYSTEM32\WINHTTP.dll
0x00007ffd58ac0000 - 0x00007ffd58b29000 	C:\WINDOWS\system32\mswsock.dll
0x00007ffd51230000 - 0x00007ffd51244000 	C:\Program Files\Android\Android Studio\jre\bin\nio.dll
0x00007ffd40f80000 - 0x00007ffd40fa7000 	C:\Users\Tj\.gradle\native\e1d6ef7f7dcc3fd88c89a11ec53ec762bb8ba0a96d01ffa2cd45eb1d1d8dd5c5\windows-amd64\native-platform.dll
0x00007ffd154e0000 - 0x00007ffd15624000 	C:\Users\Tj\.gradle\native\5664cfc778a61ccfe75a443a1ab52a65af34e5dc3c78e0209fed803814484fcb\windows-amd64\native-platform-file-events.dll
0x00007ffd52180000 - 0x00007ffd5218a000 	C:\Program Files\Android\Android Studio\jre\bin\management.dll
0x00007ffd51720000 - 0x00007ffd5172d000 	C:\Program Files\Android\Android Studio\jre\bin\management_ext.dll
0x00007ffd58d30000 - 0x00007ffd58d4b000 	C:\WINDOWS\SYSTEM32\CRYPTSP.dll
0x00007ffd585c0000 - 0x00007ffd585f5000 	C:\WINDOWS\system32\rsaenh.dll
0x00007ffd58bc0000 - 0x00007ffd58be8000 	C:\WINDOWS\SYSTEM32\USERENV.dll
0x00007ffd58ee0000 - 0x00007ffd58f08000 	C:\WINDOWS\SYSTEM32\bcrypt.dll
0x00007ffd58d20000 - 0x00007ffd58d2c000 	C:\WINDOWS\SYSTEM32\CRYPTBASE.dll
0x00007ffd580c0000 - 0x00007ffd580ed000 	C:\WINDOWS\SYSTEM32\IPHLPAPI.DLL
0x00007ffd5b420000 - 0x00007ffd5b429000 	C:\WINDOWS\System32\NSI.dll
0x00007ffd50d70000 - 0x00007ffd50d89000 	C:\WINDOWS\SYSTEM32\dhcpcsvc6.DLL
0x00007ffd50c90000 - 0x00007ffd50caf000 	C:\WINDOWS\SYSTEM32\dhcpcsvc.DLL
0x00007ffd58130000 - 0x00007ffd58223000 	C:\WINDOWS\SYSTEM32\DNSAPI.dll

dbghelp: loaded successfully - version: 4.0.5 - missing functions: none
symbol engine: initialized successfully - sym options: 0x614 - pdb path: .;C:\Program Files\Android\Android Studio\jre\bin;C:\WINDOWS\SYSTEM32;C:\WINDOWS\WinSxS\amd64_microsoft.windows.common-controls_6595b64144ccf1df_6.0.22621.1635_none_270f70857386168e;C:\Program Files\Android\Android Studio\jre\bin\server;C:\Users\Tj\.gradle\native\e1d6ef7f7dcc3fd88c89a11ec53ec762bb8ba0a96d01ffa2cd45eb1d1d8dd5c5\windows-amd64;C:\Users\Tj\.gradle\native\5664cfc778a61ccfe75a443a1ab52a65af34e5dc3c78e0209fed803814484fcb\windows-amd64

VM Arguments:
jvm_args: --add-opens=java.base/java.util=ALL-UNNAMED --add-opens=java.base/java.lang=ALL-UNNAMED --add-opens=java.base/java.lang.invoke=ALL-UNNAMED --add-opens=java.base/java.util=ALL-UNNAMED --add-opens=java.prefs/java.util.prefs=ALL-UNNAMED --add-opens=java.prefs/java.util.prefs=ALL-UNNAMED --add-opens=java.base/java.nio.charset=ALL-UNNAMED --add-opens=java.base/java.net=ALL-UNNAMED --add-opens=java.base/java.util.concurrent.atomic=ALL-UNNAMED -Xmx2048m -Dfile.encoding=UTF-8 -Duser.country=SG -Duser.language=en -Duser.variant 
java_command: org.gradle.launcher.daemon.bootstrap.GradleDaemon 7.2
java_class_path (initial): C:\Users\Tj\.gradle\wrapper\dists\gradle-7.2-bin\2dnblmf4td7x66yl1d74lt32g\gradle-7.2\lib\gradle-launcher-7.2.jar
Launcher Type: SUN_STANDARD

[Global flags]
     intx CICompilerCount                          = 3                                         {product} {ergonomic}
     uint ConcGCThreads                            = 1                                         {product} {ergonomic}
     uint G1ConcRefinementThreads                  = 4                                         {product} {ergonomic}
   size_t G1HeapRegionSize                         = 1048576                                   {product} {ergonomic}
    uintx GCDrainStackTargetSize                   = 64                                        {product} {ergonomic}
   size_t InitialHeapSize                          = 266338304                                 {product} {ergonomic}
   size_t MarkStackSize                            = 4194304                                   {product} {ergonomic}
   size_t MaxHeapSize                              = 2147483648                                {product} {command line}
   size_t MaxNewSize                               = 1287651328                                {product} {ergonomic}
   size_t MinHeapDeltaBytes                        = 1048576                                   {product} {ergonomic}
    uintx NonNMethodCodeHeapSize                   = 5830732                                {pd product} {ergonomic}
    uintx NonProfiledCodeHeapSize                  = 122913754                              {pd product} {ergonomic}
    uintx ProfiledCodeHeapSize                     = 122913754                              {pd product} {ergonomic}
    uintx ReservedCodeCacheSize                    = 251658240                              {pd product} {ergonomic}
     bool SegmentedCodeCache                       = true                                      {product} {ergonomic}
     bool UseCompressedClassPointers               = true                                 {lp64_product} {ergonomic}
     bool UseCompressedOops                        = true                                 {lp64_product} {ergonomic}
     bool UseG1GC                                  = true                                      {product} {ergonomic}
     bool UseLargePagesIndividualAllocation        = false                                  {pd product} {ergonomic}

Logging:
Log output configuration:
 #0: stdout all=warning uptime,level,tags
 #1: stderr all=off uptime,level,tags

Environment Variables:
PATH=C:\Program Files (x86)\Common Files\Oracle\Java\javapath;C:\WINDOWS\system32;C:\WINDOWS;C:\WINDOWS\System32\Wbem;C:\WINDOWS\System32\WindowsPowerShell\v1.0\;C:\WINDOWS\System32\OpenSSH\;C:\Program Files (x86)\Intel\Intel(R) Management Engine Components\DAL;C:\Program Files\Intel\Intel(R) Management Engine Components\DAL;C:\Program Files (x86)\Intel\Intel(R) Management Engine Components\IPT;C:\Program Files\Intel\Intel(R) Management Engine Components\IPT;C:\Program Files\PuTTY\;C:\Program Files (x86)\GNU\GnuPG\pub;C:\Program Files\Git\cmd;C:\Users\Tj\AppData\Local\Programs\Python\Launcher\;C:\Python38\Scripts\;C:\Python38\;C:\Users\Tj\AppData\Local\Microsoft\WindowsApps;C:\Users\Tj\AppData\Local\Programs\Microsoft VS Code\bin;C:\Users\Tj\AppData\Local\GitHubDesktop\bin;C:\Users\Tj\AppData\Local\ComposerSetup\bin;C:\Users\Tj\AppData\Roaming\Composer\vendor\bin;C:\Program Files\heroku\bin;C:\Program Files\php-7.4.33-Win32-vc15-x64;C:\Users\Tj\Desktop\Lesson Materials\Year 2 Sem 2\C339 Software Testing and Analytics\L09 Student\drivers;
USERNAME=Tj
OS=Windows_NT
PROCESSOR_IDENTIFIER=Intel64 Family 6 Model 142 Stepping 10, GenuineIntel



---------------  S Y S T E M  ---------------

OS: Windows 10 , 64 bit Build 22621 (10.0.22621.1635)
OS uptime: 3 days 12:11 hours

CPU:total 4 (initial active 4) (4 cores per cpu, 2 threads per core) family 6 model 142 stepping 10 microcode 0xe0, cmov, cx8, fxsr, mmx, sse, sse2, sse3, ssse3, sse4.1, sse4.2, popcnt, avx, avx2, aes, clmul, erms, 3dnowpref, lzcnt, ht, tsc, tscinvbit, bmi1, bmi2, adx, fma

Memory: 4k page, system-wide physical 16252M (2844M free)
TotalPageFile size 16662M (AvailPageFile size 5M)
current process WorkingSet (physical memory assigned to process): 511M, peak: 519M
current process commit charge ("private bytes"): 542M, peak: 551M

vm_info: OpenJDK 64-Bit Server VM (11.0.11+9-b60-7590822) for windows-amd64 JRE (11.0.11+9-b60-7590822), built on Jul 29 2021 21:43:44 by "builder" with MS VC++ 14.0 (VS2015)

END.
