#
# There is insufficient memory for the Java Runtime Environment to continue.
# Native memory allocation (malloc) failed to allocate 65552 bytes for Chunk::new
# Possible reasons:
#   The system is out of physical RAM or swap space
#   The process is running with CompressedOops enabled, and the Java Heap may be blocking the growth of the native heap
# Possible solutions:
#   Reduce memory load on the system
#   Increase physical memory or swap space
#   Check if swap backing store is full
#   Decrease Java heap size (-Xmx/-Xms)
#   Decrease number of Java threads
#   Decrease Java thread stack sizes (-Xss)
#   Set larger code cache with -XX:ReservedCodeCacheSize=
#   JVM is running with Unscaled Compressed Oops mode in which the Java heap is
#     placed in the first 4GB address space. The Java Heap base address is the
#     maximum limit for the native heap growth. Please use -XX:HeapBaseMinAddress
#     to set the Java Heap base and to place the Java Heap above 4GB virtual address.
# This output file may be truncated or incomplete.
#
#  Out of Memory Error (./src/hotspot/share/memory/arena.cpp:197), pid=16872, tid=16804
#
# JRE version: OpenJDK Runtime Environment (11.0.11+9) (build 11.0.11+9-b60-7590822)
# Java VM: OpenJDK 64-Bit Server VM (11.0.11+9-b60-7590822, mixed mode, tiered, compressed oops, g1 gc, windows-amd64)
# No core dump will be written. Minidumps are not enabled by default on client versions of Windows
#

---------------  S U M M A R Y ------------

Command Line: --add-opens=java.base/java.util=ALL-UNNAMED --add-opens=java.base/java.lang=ALL-UNNAMED --add-opens=java.base/java.lang.invoke=ALL-UNNAMED --add-opens=java.base/java.util=ALL-UNNAMED --add-opens=java.prefs/java.util.prefs=ALL-UNNAMED --add-opens=java.prefs/java.util.prefs=ALL-UNNAMED --add-opens=java.base/java.nio.charset=ALL-UNNAMED --add-opens=java.base/java.net=ALL-UNNAMED --add-opens=java.base/java.util.concurrent.atomic=ALL-UNNAMED -Xmx2048m -Dfile.encoding=UTF-8 -Duser.country=SG -Duser.language=en -Duser.variant org.gradle.launcher.daemon.bootstrap.GradleDaemon 7.2

Host: Intel(R) Core(TM) i5-8250U CPU @ 1.60GHz, 4 cores, 15G,  Windows 10 , 64 bit Build 22621 (10.0.22621.1635)
Time: Wed Jun  7 12:34:05 2023 Malay Peninsula Standard Time elapsed time: 12.702234 seconds (0d 0h 0m 12s)

---------------  T H R E A D  ---------------

Current thread (0x0000021e28360800):  JavaThread "C2 CompilerThread0" daemon [_thread_in_native, id=16804, stack(0x000000ba33700000,0x000000ba33800000)]


Current CompileTask:
C2:  12702 2844  s!   4       jdk.internal.loader.URLClassPath::getLoader (194 bytes)

Stack: [0x000000ba33700000,0x000000ba33800000]
Native frames: (J=compiled Java code, j=interpreted, Vv=VM code, C=native code)
V  [jvm.dll+0x5f214a]
V  [jvm.dll+0x726fb5]
V  [jvm.dll+0x7285cd]
V  [jvm.dll+0x728c83]
V  [jvm.dll+0x243278]
V  [jvm.dll+0xbc53c]
V  [jvm.dll+0xbca3c]
V  [jvm.dll+0xbc638]
V  [jvm.dll+0x5d14e0]
V  [jvm.dll+0x508722]
V  [jvm.dll+0x1fd4b5]
V  [jvm.dll+0x1fb35f]
V  [jvm.dll+0x183d6c]
V  [jvm.dll+0x209a57]
V  [jvm.dll+0x2082a1]
V  [jvm.dll+0x6ef58f]
V  [jvm.dll+0x6e80b5]
V  [jvm.dll+0x5f1036]
C  [ucrtbase.dll+0x29363]
C  [KERNEL32.DLL+0x126ad]
C  [ntdll.dll+0x5a9f8]


---------------  P R O C E S S  ---------------

Threads class SMR info:
_java_thread_list=0x0000021e2b4de1d0, length=34, elements={
0x0000021e0de97000, 0x0000021e28300000, 0x0000021e28301800, 0x0000021e2835b000,
0x0000021e2835c000, 0x0000021e2835d800, 0x0000021e28360800, 0x0000021e283bf000,
0x0000021e283d0000, 0x0000021e284d0800, 0x0000021e2b092800, 0x0000021e2a7fb800,
0x0000021e29903800, 0x0000021e2a6fc800, 0x0000021e2af50800, 0x0000021e28ed4000,
0x0000021e2ac40800, 0x0000021e2979f000, 0x0000021e29bd7000, 0x0000021e2a6ac800,
0x0000021e2a6aa000, 0x0000021e2a6af000, 0x0000021e2a6ad800, 0x0000021e2a6ab800,
0x0000021e2a6a9000, 0x0000021e2a6ae000, 0x0000021e2a6b0000, 0x0000021e2a6ab000,
0x0000021e2a76a800, 0x0000021e2a768000, 0x0000021e2a76b000, 0x0000021e2a767000,
0x0000021e2a766000, 0x0000021e2a768800
}

Java Threads: ( => current thread )
  0x0000021e0de97000 JavaThread "main" [_thread_blocked, id=5604, stack(0x000000ba32b00000,0x000000ba32c00000)]
  0x0000021e28300000 JavaThread "Reference Handler" daemon [_thread_blocked, id=1640, stack(0x000000ba33200000,0x000000ba33300000)]
  0x0000021e28301800 JavaThread "Finalizer" daemon [_thread_blocked, id=2332, stack(0x000000ba33300000,0x000000ba33400000)]
  0x0000021e2835b000 JavaThread "Signal Dispatcher" daemon [_thread_blocked, id=20328, stack(0x000000ba33400000,0x000000ba33500000)]
  0x0000021e2835c000 JavaThread "Attach Listener" daemon [_thread_blocked, id=19084, stack(0x000000ba33500000,0x000000ba33600000)]
  0x0000021e2835d800 JavaThread "Service Thread" daemon [_thread_blocked, id=19364, stack(0x000000ba33600000,0x000000ba33700000)]
=>0x0000021e28360800 JavaThread "C2 CompilerThread0" daemon [_thread_in_native, id=16804, stack(0x000000ba33700000,0x000000ba33800000)]
  0x0000021e283bf000 JavaThread "C1 CompilerThread0" daemon [_thread_blocked, id=7260, stack(0x000000ba33800000,0x000000ba33900000)]
  0x0000021e283d0000 JavaThread "Sweeper thread" daemon [_thread_blocked, id=8052, stack(0x000000ba33900000,0x000000ba33a00000)]
  0x0000021e284d0800 JavaThread "Common-Cleaner" daemon [_thread_blocked, id=20364, stack(0x000000ba33a00000,0x000000ba33b00000)]
  0x0000021e2b092800 JavaThread "Daemon health stats" [_thread_blocked, id=19848, stack(0x000000ba34000000,0x000000ba34100000)]
  0x0000021e2a7fb800 JavaThread "Incoming local TCP Connector on port 59967" [_thread_in_native, id=17828, stack(0x000000ba33c00000,0x000000ba33d00000)]
  0x0000021e29903800 JavaThread "Daemon periodic checks" [_thread_blocked, id=7584, stack(0x000000ba34100000,0x000000ba34200000)]
  0x0000021e2a6fc800 JavaThread "Daemon" [_thread_blocked, id=13596, stack(0x000000ba34200000,0x000000ba34300000)]
  0x0000021e2af50800 JavaThread "Handler for socket connection from /127.0.0.1:59967 to /127.0.0.1:59968" [_thread_in_native, id=19880, stack(0x000000ba34300000,0x000000ba34400000)]
  0x0000021e28ed4000 JavaThread "Cancel handler" [_thread_blocked, id=20776, stack(0x000000ba34400000,0x000000ba34500000)]
  0x0000021e2ac40800 JavaThread "Daemon worker" [_thread_in_vm, id=22908, stack(0x000000ba34500000,0x000000ba34600000)]
  0x0000021e2979f000 JavaThread "Asynchronous log dispatcher for DefaultDaemonConnection: socket connection from /127.0.0.1:59967 to /127.0.0.1:59968" [_thread_blocked, id=2168, stack(0x000000ba34600000,0x000000ba34700000)]
  0x0000021e29bd7000 JavaThread "Stdin handler" [_thread_blocked, id=14128, stack(0x000000ba34700000,0x000000ba34800000)]
  0x0000021e2a6ac800 JavaThread "Daemon client event forwarder" [_thread_blocked, id=15544, stack(0x000000ba34800000,0x000000ba34900000)]
  0x0000021e2a6aa000 JavaThread "Cache worker for journal cache (C:\Users\Tj\.gradle\caches\journal-1)" [_thread_blocked, id=5592, stack(0x000000ba34900000,0x000000ba34a00000)]
  0x0000021e2a6af000 JavaThread "File lock request listener" [_thread_in_native, id=4016, stack(0x000000ba34a00000,0x000000ba34b00000)]
  0x0000021e2a6ad800 JavaThread "Cache worker for file hash cache (C:\Users\Tj\.gradle\caches\7.2\fileHashes)" [_thread_blocked, id=12980, stack(0x000000ba34b00000,0x000000ba34c00000)]
  0x0000021e2a6ab800 JavaThread "Cache worker for file hash cache (C:\Users\Tj\Desktop\Lesson Materials\Year 3 Sem 1\C346 Mobile App Development\Android Studio Things\L07\DemoDynamicListViewColourList\.gradle\7.2\fileHashes)" [_thread_blocked, id=16628, stack(0x000000ba34c00000,0x000000ba34d00000)]
  0x0000021e2a6a9000 JavaThread "File watcher server" daemon [_thread_in_native, id=23156, stack(0x000000ba34e00000,0x000000ba34f00000)]
  0x0000021e2a6ae000 JavaThread "File watcher consumer" daemon [_thread_blocked, id=19884, stack(0x000000ba34f00000,0x000000ba35000000)]
  0x0000021e2a6b0000 JavaThread "jar transforms" [_thread_blocked, id=15144, stack(0x000000ba35000000,0x000000ba35100000)]
  0x0000021e2a6ab000 JavaThread "jar transforms Thread 2" [_thread_blocked, id=13232, stack(0x000000ba35100000,0x000000ba35200000)]
  0x0000021e2a76a800 JavaThread "jar transforms Thread 3" [_thread_blocked, id=6496, stack(0x000000ba35200000,0x000000ba35300000)]
  0x0000021e2a768000 JavaThread "jar transforms Thread 4" [_thread_blocked, id=13840, stack(0x000000ba35300000,0x000000ba35400000)]
  0x0000021e2a76b000 JavaThread "Cache worker for checksums cache (C:\Users\Tj\Desktop\Lesson Materials\Year 3 Sem 1\C346 Mobile App Development\Android Studio Things\L07\DemoDynamicListViewColourList\.gradle\checksums)" [_thread_blocked, id=13612, stack(0x000000ba35400000,0x000000ba35500000)]
  0x0000021e2a767000 JavaThread "Cache worker for cache directory md-supplier (C:\Users\Tj\.gradle\caches\7.2\md-supplier)" [_thread_blocked, id=1460, stack(0x000000ba35500000,0x000000ba35600000)]
  0x0000021e2a766000 JavaThread "Cache worker for cache directory md-rule (C:\Users\Tj\.gradle\caches\7.2\md-rule)" [_thread_blocked, id=20852, stack(0x000000ba35600000,0x000000ba35700000)]
  0x0000021e2a768800 JavaThread "Cache worker for execution history cache (C:\Users\Tj\.gradle\caches\7.2\executionHistory)" [_thread_blocked, id=19108, stack(0x000000ba35700000,0x000000ba35800000)]

Other Threads:
  0x0000021e282fc000 VMThread "VM Thread" [stack: 0x000000ba33100000,0x000000ba33200000] [id=6456]
  0x0000021e28512000 WatcherThread [stack: 0x000000ba33b00000,0x000000ba33c00000] [id=22692]
  0x0000021e0deb1800 GCTaskThread "GC Thread#0" [stack: 0x000000ba32c00000,0x000000ba32d00000] [id=22476]
  0x0000021e28bdf000 GCTaskThread "GC Thread#1" [stack: 0x000000ba33d00000,0x000000ba33e00000] [id=20904]
  0x0000021e28813800 GCTaskThread "GC Thread#2" [stack: 0x000000ba33e00000,0x000000ba33f00000] [id=23356]
  0x0000021e28c4b800 GCTaskThread "GC Thread#3" [stack: 0x000000ba33f00000,0x000000ba34000000] [id=15236]
  0x0000021e0dee4800 ConcurrentGCThread "G1 Main Marker" [stack: 0x000000ba32d00000,0x000000ba32e00000] [id=17932]
  0x0000021e0dee7000 ConcurrentGCThread "G1 Conc#0" [stack: 0x000000ba32e00000,0x000000ba32f00000] [id=22288]
  0x0000021e27942800 ConcurrentGCThread "G1 Refine#0" [stack: 0x000000ba32f00000,0x000000ba33000000] [id=5700]
  0x0000021e27945800 ConcurrentGCThread "G1 Young RemSet Sampling" [stack: 0x000000ba33000000,0x000000ba33100000] [id=16228]

Threads with active compile tasks:
C2 CompilerThread0  12745 2844  s!   4       jdk.internal.loader.URLClassPath::getLoader (194 bytes)

VM state:not at safepoint (normal execution)

VM Mutex/Monitor currently owned by a thread: None

OutOfMemory and StackOverflow Exception counts:
OutOfMemoryError java_heap_errors=2
LinkageErrors=91

Heap address: 0x0000000080000000, size: 2048 MB, Compressed Oops mode: 32-bit
Narrow klass base: 0x0000000000000000, Narrow klass shift: 3
Compressed class space size: 1073741824 Address: 0x0000000100000000

Heap:
 garbage-first heap   total 260096K, used 92361K [0x0000000080000000, 0x0000000100000000)
  region size 1024K, 65 young (66560K), 3 survivors (3072K)
 Metaspace       used 32696K, capacity 33555K, committed 33660K, reserved 1079296K
  class space    used 4425K, capacity 4762K, committed 4812K, reserved 1048576K
Heap Regions: E=young(eden), S=young(survivor), O=old, HS=humongous(starts), HC=humongous(continues), CS=collection set, F=free, A=archive, TAMS=top-at-mark-start (previous, next)
|   0|0x0000000080000000, 0x0000000080100000, 0x0000000080100000|100%| O|  |TAMS 0x0000000080100000, 0x0000000080000000| Untracked 
|   1|0x0000000080100000, 0x0000000080200000, 0x0000000080200000|100%| O|  |TAMS 0x0000000080200000, 0x0000000080100000| Untracked 
|   2|0x0000000080200000, 0x0000000080300000, 0x0000000080300000|100%| O|  |TAMS 0x0000000080300000, 0x0000000080200000| Untracked 
|   3|0x0000000080300000, 0x0000000080400000, 0x0000000080400000|100%|HS|  |TAMS 0x0000000080400000, 0x0000000080300000| Complete 
|   4|0x0000000080400000, 0x0000000080500000, 0x0000000080500000|100%|HC|  |TAMS 0x0000000080500000, 0x0000000080400000| Complete 
|   5|0x0000000080500000, 0x0000000080600000, 0x0000000080600000|100%|HC|  |TAMS 0x0000000080600000, 0x0000000080500000| Complete 
|   6|0x0000000080600000, 0x0000000080700000, 0x0000000080700000|100%| O|  |TAMS 0x0000000080700000, 0x0000000080600000| Untracked 
|   7|0x0000000080700000, 0x0000000080800000, 0x0000000080800000|100%| O|  |TAMS 0x0000000080800000, 0x0000000080700000| Untracked 
|   8|0x0000000080800000, 0x0000000080900000, 0x0000000080900000|100%| O|  |TAMS 0x0000000080900000, 0x0000000080800000| Untracked 
|   9|0x0000000080900000, 0x0000000080a00000, 0x0000000080a00000|100%| O|  |TAMS 0x0000000080a00000, 0x0000000080900000| Untracked 
|  10|0x0000000080a00000, 0x0000000080b00000, 0x0000000080b00000|100%| O|  |TAMS 0x0000000080b00000, 0x0000000080a00000| Untracked 
|  11|0x0000000080b00000, 0x0000000080c00000, 0x0000000080c00000|100%| O|  |TAMS 0x0000000080c00000, 0x0000000080b00000| Untracked 
|  12|0x0000000080c00000, 0x0000000080d00000, 0x0000000080d00000|100%| O|  |TAMS 0x0000000080ca0800, 0x0000000080c00000| Untracked 
|  13|0x0000000080d00000, 0x0000000080e00000, 0x0000000080e00000|100%| O|  |TAMS 0x0000000080d00000, 0x0000000080d00000| Untracked 
|  14|0x0000000080e00000, 0x0000000080f00000, 0x0000000080f00000|100%| O|  |TAMS 0x0000000080e00000, 0x0000000080e00000| Untracked 
|  15|0x0000000080f00000, 0x0000000081000000, 0x0000000081000000|100%| O|  |TAMS 0x0000000080f00000, 0x0000000080f00000| Untracked 
|  16|0x0000000081000000, 0x0000000081100000, 0x0000000081100000|100%| O|  |TAMS 0x0000000081000000, 0x0000000081000000| Untracked 
|  17|0x0000000081100000, 0x0000000081132400, 0x0000000081200000| 19%| O|  |TAMS 0x0000000081100000, 0x0000000081100000| Untracked 
|  18|0x0000000081200000, 0x0000000081300000, 0x0000000081300000|100%|HS|  |TAMS 0x0000000081200000, 0x0000000081200000| Complete 
|  19|0x0000000081300000, 0x0000000081400000, 0x0000000081400000|100%|HC|  |TAMS 0x0000000081300000, 0x0000000081300000| Complete 
|  20|0x0000000081400000, 0x0000000081500000, 0x0000000081500000|100%|HS|  |TAMS 0x0000000081400000, 0x0000000081400000| Complete 
|  21|0x0000000081500000, 0x0000000081600000, 0x0000000081600000|100%|HC|  |TAMS 0x0000000081500000, 0x0000000081500000| Complete 
|  22|0x0000000081600000, 0x0000000081700000, 0x0000000081700000|100%|HC|  |TAMS 0x0000000081600000, 0x0000000081600000| Complete 
|  23|0x0000000081700000, 0x0000000081800000, 0x0000000081800000|100%|HS|  |TAMS 0x0000000081700000, 0x0000000081700000| Complete 
|  24|0x0000000081800000, 0x0000000081900000, 0x0000000081900000|100%|HC|  |TAMS 0x0000000081800000, 0x0000000081800000| Complete 
|  25|0x0000000081900000, 0x0000000081a00000, 0x0000000081a00000|100%|HC|  |TAMS 0x0000000081900000, 0x0000000081900000| Complete 
|  26|0x0000000081a00000, 0x0000000081b00000, 0x0000000081b00000|100%|HC|  |TAMS 0x0000000081a00000, 0x0000000081a00000| Complete 
|  27|0x0000000081b00000, 0x0000000081b00000, 0x0000000081c00000|  0%| F|  |TAMS 0x0000000081b00000, 0x0000000081b00000| Untracked 
|  28|0x0000000081c00000, 0x0000000081c00000, 0x0000000081d00000|  0%| F|  |TAMS 0x0000000081c00000, 0x0000000081c00000| Untracked 
|  29|0x0000000081d00000, 0x0000000081d00000, 0x0000000081e00000|  0%| F|  |TAMS 0x0000000081d00000, 0x0000000081d00000| Untracked 
|  30|0x0000000081e00000, 0x0000000081e00000, 0x0000000081f00000|  0%| F|  |TAMS 0x0000000081e00000, 0x0000000081e00000| Untracked 
|  31|0x0000000081f00000, 0x0000000081f00000, 0x0000000082000000|  0%| F|  |TAMS 0x0000000081f00000, 0x0000000081f00000| Untracked 
|  32|0x0000000082000000, 0x0000000082000000, 0x0000000082100000|  0%| F|  |TAMS 0x0000000082000000, 0x0000000082000000| Untracked 
|  33|0x0000000082100000, 0x0000000082100000, 0x0000000082200000|  0%| F|  |TAMS 0x0000000082100000, 0x0000000082100000| Untracked 
|  34|0x0000000082200000, 0x0000000082200000, 0x0000000082300000|  0%| F|  |TAMS 0x0000000082200000, 0x0000000082200000| Untracked 
|  35|0x0000000082300000, 0x0000000082300000, 0x0000000082400000|  0%| F|  |TAMS 0x0000000082300000, 0x0000000082300000| Untracked 
|  36|0x0000000082400000, 0x0000000082400000, 0x0000000082500000|  0%| F|  |TAMS 0x0000000082400000, 0x0000000082400000| Untracked 
|  37|0x0000000082500000, 0x0000000082500000, 0x0000000082600000|  0%| F|  |TAMS 0x0000000082500000, 0x0000000082500000| Untracked 
|  38|0x0000000082600000, 0x0000000082600000, 0x0000000082700000|  0%| F|  |TAMS 0x0000000082600000, 0x0000000082600000| Untracked 
|  39|0x0000000082700000, 0x0000000082700000, 0x0000000082800000|  0%| F|  |TAMS 0x0000000082700000, 0x0000000082700000| Untracked 
|  40|0x0000000082800000, 0x0000000082800000, 0x0000000082900000|  0%| F|  |TAMS 0x0000000082800000, 0x0000000082800000| Untracked 
|  41|0x0000000082900000, 0x0000000082900000, 0x0000000082a00000|  0%| F|  |TAMS 0x0000000082900000, 0x0000000082900000| Untracked 
|  42|0x0000000082a00000, 0x0000000082a00000, 0x0000000082b00000|  0%| F|  |TAMS 0x0000000082a00000, 0x0000000082a00000| Untracked 
|  43|0x0000000082b00000, 0x0000000082b00000, 0x0000000082c00000|  0%| F|  |TAMS 0x0000000082b00000, 0x0000000082b00000| Untracked 
|  44|0x0000000082c00000, 0x0000000082c00000, 0x0000000082d00000|  0%| F|  |TAMS 0x0000000082c00000, 0x0000000082c00000| Untracked 
|  45|0x0000000082d00000, 0x0000000082d00000, 0x0000000082e00000|  0%| F|  |TAMS 0x0000000082d00000, 0x0000000082d00000| Untracked 
|  46|0x0000000082e00000, 0x0000000082e00000, 0x0000000082f00000|  0%| F|  |TAMS 0x0000000082e00000, 0x0000000082e00000| Untracked 
|  47|0x0000000082f00000, 0x0000000082f00000, 0x0000000083000000|  0%| F|  |TAMS 0x0000000082f00000, 0x0000000082f00000| Untracked 
|  48|0x0000000083000000, 0x0000000083000000, 0x0000000083100000|  0%| F|  |TAMS 0x0000000083000000, 0x0000000083000000| Untracked 
|  49|0x0000000083100000, 0x0000000083100000, 0x0000000083200000|  0%| F|  |TAMS 0x0000000083100000, 0x0000000083100000| Untracked 
|  50|0x0000000083200000, 0x0000000083200000, 0x0000000083300000|  0%| F|  |TAMS 0x0000000083200000, 0x0000000083200000| Untracked 
|  51|0x0000000083300000, 0x0000000083300000, 0x0000000083400000|  0%| F|  |TAMS 0x0000000083300000, 0x0000000083300000| Untracked 
|  52|0x0000000083400000, 0x0000000083400000, 0x0000000083500000|  0%| F|  |TAMS 0x0000000083400000, 0x0000000083400000| Untracked 
|  53|0x0000000083500000, 0x0000000083500000, 0x0000000083600000|  0%| F|  |TAMS 0x0000000083500000, 0x0000000083500000| Untracked 
|  54|0x0000000083600000, 0x0000000083600000, 0x0000000083700000|  0%| F|  |TAMS 0x0000000083600000, 0x0000000083600000| Untracked 
|  55|0x0000000083700000, 0x0000000083700000, 0x0000000083800000|  0%| F|  |TAMS 0x0000000083700000, 0x0000000083700000| Untracked 
|  56|0x0000000083800000, 0x0000000083800000, 0x0000000083900000|  0%| F|  |TAMS 0x0000000083800000, 0x0000000083800000| Untracked 
|  57|0x0000000083900000, 0x0000000083900000, 0x0000000083a00000|  0%| F|  |TAMS 0x0000000083900000, 0x0000000083900000| Untracked 
|  58|0x0000000083a00000, 0x0000000083a00000, 0x0000000083b00000|  0%| F|  |TAMS 0x0000000083a00000, 0x0000000083a00000| Untracked 
|  59|0x0000000083b00000, 0x0000000083b00000, 0x0000000083c00000|  0%| F|  |TAMS 0x0000000083b00000, 0x0000000083b00000| Untracked 
|  60|0x0000000083c00000, 0x0000000083c00000, 0x0000000083d00000|  0%| F|  |TAMS 0x0000000083c00000, 0x0000000083c00000| Untracked 
|  61|0x0000000083d00000, 0x0000000083d00000, 0x0000000083e00000|  0%| F|  |TAMS 0x0000000083d00000, 0x0000000083d00000| Untracked 
|  62|0x0000000083e00000, 0x0000000083e00000, 0x0000000083f00000|  0%| F|  |TAMS 0x0000000083e00000, 0x0000000083e00000| Untracked 
|  63|0x0000000083f00000, 0x0000000083f00000, 0x0000000084000000|  0%| F|  |TAMS 0x0000000083f00000, 0x0000000083f00000| Untracked 
|  64|0x0000000084000000, 0x0000000084000000, 0x0000000084100000|  0%| F|  |TAMS 0x0000000084000000, 0x0000000084000000| Untracked 
|  65|0x0000000084100000, 0x0000000084100000, 0x0000000084200000|  0%| F|  |TAMS 0x0000000084100000, 0x0000000084100000| Untracked 
|  66|0x0000000084200000, 0x0000000084200000, 0x0000000084300000|  0%| F|  |TAMS 0x0000000084200000, 0x0000000084200000| Untracked 
|  67|0x0000000084300000, 0x0000000084300000, 0x0000000084400000|  0%| F|  |TAMS 0x0000000084300000, 0x0000000084300000| Untracked 
|  68|0x0000000084400000, 0x0000000084400000, 0x0000000084500000|  0%| F|  |TAMS 0x0000000084400000, 0x0000000084400000| Untracked 
|  69|0x0000000084500000, 0x0000000084500000, 0x0000000084600000|  0%| F|  |TAMS 0x0000000084500000, 0x0000000084500000| Untracked 
|  70|0x0000000084600000, 0x0000000084600000, 0x0000000084700000|  0%| F|  |TAMS 0x0000000084600000, 0x0000000084600000| Untracked 
|  71|0x0000000084700000, 0x0000000084700000, 0x0000000084800000|  0%| F|  |TAMS 0x0000000084700000, 0x0000000084700000| Untracked 
|  72|0x0000000084800000, 0x0000000084800000, 0x0000000084900000|  0%| F|  |TAMS 0x0000000084800000, 0x0000000084800000| Untracked 
|  73|0x0000000084900000, 0x0000000084900000, 0x0000000084a00000|  0%| F|  |TAMS 0x0000000084900000, 0x0000000084900000| Untracked 
|  74|0x0000000084a00000, 0x0000000084a00000, 0x0000000084b00000|  0%| F|  |TAMS 0x0000000084a00000, 0x0000000084a00000| Untracked 
|  75|0x0000000084b00000, 0x0000000084b00000, 0x0000000084c00000|  0%| F|  |TAMS 0x0000000084b00000, 0x0000000084b00000| Untracked 
|  76|0x0000000084c00000, 0x0000000084c00000, 0x0000000084d00000|  0%| F|  |TAMS 0x0000000084c00000, 0x0000000084c00000| Untracked 
|  77|0x0000000084d00000, 0x0000000084d00000, 0x0000000084e00000|  0%| F|  |TAMS 0x0000000084d00000, 0x0000000084d00000| Untracked 
|  78|0x0000000084e00000, 0x0000000084e00000, 0x0000000084f00000|  0%| F|  |TAMS 0x0000000084e00000, 0x0000000084e00000| Untracked 
|  79|0x0000000084f00000, 0x0000000084f00000, 0x0000000085000000|  0%| F|  |TAMS 0x0000000084f00000, 0x0000000084f00000| Untracked 
|  80|0x0000000085000000, 0x0000000085000000, 0x0000000085100000|  0%| F|  |TAMS 0x0000000085000000, 0x0000000085000000| Untracked 
|  81|0x0000000085100000, 0x0000000085100000, 0x0000000085200000|  0%| F|  |TAMS 0x0000000085100000, 0x0000000085100000| Untracked 
|  82|0x0000000085200000, 0x0000000085200000, 0x0000000085300000|  0%| F|  |TAMS 0x0000000085200000, 0x0000000085200000| Untracked 
|  83|0x0000000085300000, 0x0000000085300000, 0x0000000085400000|  0%| F|  |TAMS 0x0000000085300000, 0x0000000085300000| Untracked 
|  84|0x0000000085400000, 0x0000000085400000, 0x0000000085500000|  0%| F|  |TAMS 0x0000000085400000, 0x0000000085400000| Untracked 
|  85|0x0000000085500000, 0x0000000085500000, 0x0000000085600000|  0%| F|  |TAMS 0x0000000085500000, 0x0000000085500000| Untracked 
|  86|0x0000000085600000, 0x0000000085600000, 0x0000000085700000|  0%| F|  |TAMS 0x0000000085600000, 0x0000000085600000| Untracked 
|  87|0x0000000085700000, 0x0000000085700000, 0x0000000085800000|  0%| F|  |TAMS 0x0000000085700000, 0x0000000085700000| Untracked 
|  88|0x0000000085800000, 0x0000000085800000, 0x0000000085900000|  0%| F|  |TAMS 0x0000000085800000, 0x0000000085800000| Untracked 
|  89|0x0000000085900000, 0x0000000085900000, 0x0000000085a00000|  0%| F|  |TAMS 0x0000000085900000, 0x0000000085900000| Untracked 
|  90|0x0000000085a00000, 0x0000000085a00000, 0x0000000085b00000|  0%| F|  |TAMS 0x0000000085a00000, 0x0000000085a00000| Untracked 
|  91|0x0000000085b00000, 0x0000000085b00000, 0x0000000085c00000|  0%| F|  |TAMS 0x0000000085b00000, 0x0000000085b00000| Untracked 
|  92|0x0000000085c00000, 0x0000000085c00000, 0x0000000085d00000|  0%| F|  |TAMS 0x0000000085c00000, 0x0000000085c00000| Untracked 
|  93|0x0000000085d00000, 0x0000000085d00000, 0x0000000085e00000|  0%| F|  |TAMS 0x0000000085d00000, 0x0000000085d00000| Untracked 
|  94|0x0000000085e00000, 0x0000000085e00000, 0x0000000085f00000|  0%| F|  |TAMS 0x0000000085e00000, 0x0000000085e00000| Untracked 
|  95|0x0000000085f00000, 0x0000000085f00000, 0x0000000086000000|  0%| F|  |TAMS 0x0000000085f00000, 0x0000000085f00000| Untracked 
|  96|0x0000000086000000, 0x0000000086000000, 0x0000000086100000|  0%| F|  |TAMS 0x0000000086000000, 0x0000000086000000| Untracked 
|  97|0x0000000086100000, 0x0000000086100000, 0x0000000086200000|  0%| F|  |TAMS 0x0000000086100000, 0x0000000086100000| Untracked 
|  98|0x0000000086200000, 0x0000000086200000, 0x0000000086300000|  0%| F|  |TAMS 0x0000000086200000, 0x0000000086200000| Untracked 
|  99|0x0000000086300000, 0x0000000086300000, 0x0000000086400000|  0%| F|  |TAMS 0x0000000086300000, 0x0000000086300000| Untracked 
| 100|0x0000000086400000, 0x0000000086400000, 0x0000000086500000|  0%| F|  |TAMS 0x0000000086400000, 0x0000000086400000| Untracked 
| 101|0x0000000086500000, 0x0000000086500000, 0x0000000086600000|  0%| F|  |TAMS 0x0000000086500000, 0x0000000086500000| Untracked 
| 102|0x0000000086600000, 0x0000000086600000, 0x0000000086700000|  0%| F|  |TAMS 0x0000000086600000, 0x0000000086600000| Untracked 
| 103|0x0000000086700000, 0x0000000086700000, 0x0000000086800000|  0%| F|  |TAMS 0x0000000086700000, 0x0000000086700000| Untracked 
| 104|0x0000000086800000, 0x0000000086800000, 0x0000000086900000|  0%| F|  |TAMS 0x0000000086800000, 0x0000000086800000| Untracked 
| 105|0x0000000086900000, 0x0000000086900000, 0x0000000086a00000|  0%| F|  |TAMS 0x0000000086900000, 0x0000000086900000| Untracked 
| 106|0x0000000086a00000, 0x0000000086a00000, 0x0000000086b00000|  0%| F|  |TAMS 0x0000000086a00000, 0x0000000086a00000| Untracked 
| 107|0x0000000086b00000, 0x0000000086b00000, 0x0000000086c00000|  0%| F|  |TAMS 0x0000000086b00000, 0x0000000086b00000| Untracked 
| 108|0x0000000086c00000, 0x0000000086c00000, 0x0000000086d00000|  0%| F|  |TAMS 0x0000000086c00000, 0x0000000086c00000| Untracked 
| 109|0x0000000086d00000, 0x0000000086d00000, 0x0000000086e00000|  0%| F|  |TAMS 0x0000000086d00000, 0x0000000086d00000| Untracked 
| 110|0x0000000086e00000, 0x0000000086e00000, 0x0000000086f00000|  0%| F|  |TAMS 0x0000000086e00000, 0x0000000086e00000| Untracked 
| 111|0x0000000086f00000, 0x0000000086f00000, 0x0000000087000000|  0%| F|  |TAMS 0x0000000086f00000, 0x0000000086f00000| Untracked 
| 112|0x0000000087000000, 0x0000000087000000, 0x0000000087100000|  0%| F|  |TAMS 0x0000000087000000, 0x0000000087000000| Untracked 
| 113|0x0000000087100000, 0x0000000087100000, 0x0000000087200000|  0%| F|  |TAMS 0x0000000087100000, 0x0000000087100000| Untracked 
| 114|0x0000000087200000, 0x0000000087200000, 0x0000000087300000|  0%| F|  |TAMS 0x0000000087200000, 0x0000000087200000| Untracked 
| 115|0x0000000087300000, 0x0000000087300000, 0x0000000087400000|  0%| F|  |TAMS 0x0000000087300000, 0x0000000087300000| Untracked 
| 116|0x0000000087400000, 0x0000000087400000, 0x0000000087500000|  0%| F|  |TAMS 0x0000000087400000, 0x0000000087400000| Untracked 
| 117|0x0000000087500000, 0x0000000087500000, 0x0000000087600000|  0%| F|  |TAMS 0x0000000087500000, 0x0000000087500000| Untracked 
| 118|0x0000000087600000, 0x0000000087600000, 0x0000000087700000|  0%| F|  |TAMS 0x0000000087600000, 0x0000000087600000| Untracked 
| 119|0x0000000087700000, 0x0000000087700000, 0x0000000087800000|  0%| F|  |TAMS 0x0000000087700000, 0x0000000087700000| Untracked 
| 120|0x0000000087800000, 0x0000000087800000, 0x0000000087900000|  0%| F|  |TAMS 0x0000000087800000, 0x0000000087800000| Untracked 
| 121|0x0000000087900000, 0x0000000087900000, 0x0000000087a00000|  0%| F|  |TAMS 0x0000000087900000, 0x0000000087900000| Untracked 
| 122|0x0000000087a00000, 0x0000000087a00000, 0x0000000087b00000|  0%| F|  |TAMS 0x0000000087a00000, 0x0000000087a00000| Untracked 
| 123|0x0000000087b00000, 0x0000000087b00000, 0x0000000087c00000|  0%| F|  |TAMS 0x0000000087b00000, 0x0000000087b00000| Untracked 
| 124|0x0000000087c00000, 0x0000000087c00000, 0x0000000087d00000|  0%| F|  |TAMS 0x0000000087c00000, 0x0000000087c00000| Untracked 
| 125|0x0000000087d00000, 0x0000000087d00000, 0x0000000087e00000|  0%| F|  |TAMS 0x0000000087d00000, 0x0000000087d00000| Untracked 
| 126|0x0000000087e00000, 0x0000000087e00000, 0x0000000087f00000|  0%| F|  |TAMS 0x0000000087e00000, 0x0000000087e00000| Untracked 
| 127|0x0000000087f00000, 0x0000000087f00000, 0x0000000088000000|  0%| F|  |TAMS 0x0000000087f00000, 0x0000000087f00000| Untracked 
| 128|0x0000000088000000, 0x0000000088000000, 0x0000000088100000|  0%| F|  |TAMS 0x0000000088000000, 0x0000000088000000| Untracked 
| 129|0x0000000088100000, 0x0000000088100000, 0x0000000088200000|  0%| F|  |TAMS 0x0000000088100000, 0x0000000088100000| Untracked 
| 130|0x0000000088200000, 0x0000000088200000, 0x0000000088300000|  0%| F|  |TAMS 0x0000000088200000, 0x0000000088200000| Untracked 
| 131|0x0000000088300000, 0x0000000088300000, 0x0000000088400000|  0%| F|  |TAMS 0x0000000088300000, 0x0000000088300000| Untracked 
| 132|0x0000000088400000, 0x0000000088400000, 0x0000000088500000|  0%| F|  |TAMS 0x0000000088400000, 0x0000000088400000| Untracked 
| 133|0x0000000088500000, 0x0000000088500000, 0x0000000088600000|  0%| F|  |TAMS 0x0000000088500000, 0x0000000088500000| Untracked 
| 134|0x0000000088600000, 0x0000000088600000, 0x0000000088700000|  0%| F|  |TAMS 0x0000000088600000, 0x0000000088600000| Untracked 
| 135|0x0000000088700000, 0x0000000088700000, 0x0000000088800000|  0%| F|  |TAMS 0x0000000088700000, 0x0000000088700000| Untracked 
| 136|0x0000000088800000, 0x0000000088800000, 0x0000000088900000|  0%| F|  |TAMS 0x0000000088800000, 0x0000000088800000| Untracked 
| 137|0x0000000088900000, 0x0000000088900000, 0x0000000088a00000|  0%| F|  |TAMS 0x0000000088900000, 0x0000000088900000| Untracked 
| 138|0x0000000088a00000, 0x0000000088a00000, 0x0000000088b00000|  0%| F|  |TAMS 0x0000000088a00000, 0x0000000088a00000| Untracked 
| 139|0x0000000088b00000, 0x0000000088b00000, 0x0000000088c00000|  0%| F|  |TAMS 0x0000000088b00000, 0x0000000088b00000| Untracked 
| 140|0x0000000088c00000, 0x0000000088c00000, 0x0000000088d00000|  0%| F|  |TAMS 0x0000000088c00000, 0x0000000088c00000| Untracked 
| 141|0x0000000088d00000, 0x0000000088d00000, 0x0000000088e00000|  0%| F|  |TAMS 0x0000000088d00000, 0x0000000088d00000| Untracked 
| 142|0x0000000088e00000, 0x0000000088e00000, 0x0000000088f00000|  0%| F|  |TAMS 0x0000000088e00000, 0x0000000088e00000| Untracked 
| 143|0x0000000088f00000, 0x0000000088f00000, 0x0000000089000000|  0%| F|  |TAMS 0x0000000088f00000, 0x0000000088f00000| Untracked 
| 144|0x0000000089000000, 0x0000000089000000, 0x0000000089100000|  0%| F|  |TAMS 0x0000000089000000, 0x0000000089000000| Untracked 
| 145|0x0000000089100000, 0x0000000089100000, 0x0000000089200000|  0%| F|  |TAMS 0x0000000089100000, 0x0000000089100000| Untracked 
| 146|0x0000000089200000, 0x0000000089200000, 0x0000000089300000|  0%| F|  |TAMS 0x0000000089200000, 0x0000000089200000| Untracked 
| 147|0x0000000089300000, 0x0000000089300000, 0x0000000089400000|  0%| F|  |TAMS 0x0000000089300000, 0x0000000089300000| Untracked 
| 148|0x0000000089400000, 0x0000000089400000, 0x0000000089500000|  0%| F|  |TAMS 0x0000000089400000, 0x0000000089400000| Untracked 
| 149|0x0000000089500000, 0x0000000089500000, 0x0000000089600000|  0%| F|  |TAMS 0x0000000089500000, 0x0000000089500000| Untracked 
| 150|0x0000000089600000, 0x0000000089600000, 0x0000000089700000|  0%| F|  |TAMS 0x0000000089600000, 0x0000000089600000| Untracked 
| 151|0x0000000089700000, 0x0000000089700000, 0x0000000089800000|  0%| F|  |TAMS 0x0000000089700000, 0x0000000089700000| Untracked 
| 152|0x0000000089800000, 0x0000000089800000, 0x0000000089900000|  0%| F|  |TAMS 0x0000000089800000, 0x0000000089800000| Untracked 
| 153|0x0000000089900000, 0x0000000089900000, 0x0000000089a00000|  0%| F|  |TAMS 0x0000000089900000, 0x0000000089900000| Untracked 
| 154|0x0000000089a00000, 0x0000000089a00000, 0x0000000089b00000|  0%| F|  |TAMS 0x0000000089a00000, 0x0000000089a00000| Untracked 
| 155|0x0000000089b00000, 0x0000000089b00000, 0x0000000089c00000|  0%| F|  |TAMS 0x0000000089b00000, 0x0000000089b00000| Untracked 
| 156|0x0000000089c00000, 0x0000000089c00000, 0x0000000089d00000|  0%| F|  |TAMS 0x0000000089c00000, 0x0000000089c00000| Untracked 
| 157|0x0000000089d00000, 0x0000000089d00000, 0x0000000089e00000|  0%| F|  |TAMS 0x0000000089d00000, 0x0000000089d00000| Untracked 
| 158|0x0000000089e00000, 0x0000000089e00000, 0x0000000089f00000|  0%| F|  |TAMS 0x0000000089e00000, 0x0000000089e00000| Untracked 
| 159|0x0000000089f00000, 0x0000000089f00000, 0x000000008a000000|  0%| F|  |TAMS 0x0000000089f00000, 0x0000000089f00000| Untracked 
| 160|0x000000008a000000, 0x000000008a000000, 0x000000008a100000|  0%| F|  |TAMS 0x000000008a000000, 0x000000008a000000| Untracked 
| 161|0x000000008a100000, 0x000000008a100000, 0x000000008a200000|  0%| F|  |TAMS 0x000000008a100000, 0x000000008a100000| Untracked 
| 162|0x000000008a200000, 0x000000008a200000, 0x000000008a300000|  0%| F|  |TAMS 0x000000008a200000, 0x000000008a200000| Untracked 
| 163|0x000000008a300000, 0x000000008a300000, 0x000000008a400000|  0%| F|  |TAMS 0x000000008a300000, 0x000000008a300000| Untracked 
| 164|0x000000008a400000, 0x000000008a400000, 0x000000008a500000|  0%| F|  |TAMS 0x000000008a400000, 0x000000008a400000| Untracked 
| 165|0x000000008a500000, 0x000000008a500000, 0x000000008a600000|  0%| F|  |TAMS 0x000000008a500000, 0x000000008a500000| Untracked 
| 166|0x000000008a600000, 0x000000008a600000, 0x000000008a700000|  0%| F|  |TAMS 0x000000008a600000, 0x000000008a600000| Untracked 
| 167|0x000000008a700000, 0x000000008a700000, 0x000000008a800000|  0%| F|  |TAMS 0x000000008a700000, 0x000000008a700000| Untracked 
| 168|0x000000008a800000, 0x000000008a800000, 0x000000008a900000|  0%| F|  |TAMS 0x000000008a800000, 0x000000008a800000| Untracked 
| 169|0x000000008a900000, 0x000000008a900000, 0x000000008aa00000|  0%| F|  |TAMS 0x000000008a900000, 0x000000008a900000| Untracked 
| 170|0x000000008aa00000, 0x000000008aa00000, 0x000000008ab00000|  0%| F|  |TAMS 0x000000008aa00000, 0x000000008aa00000| Untracked 
| 171|0x000000008ab00000, 0x000000008ab00000, 0x000000008ac00000|  0%| F|  |TAMS 0x000000008ab00000, 0x000000008ab00000| Untracked 
| 172|0x000000008ac00000, 0x000000008ac00000, 0x000000008ad00000|  0%| F|  |TAMS 0x000000008ac00000, 0x000000008ac00000| Untracked 
| 173|0x000000008ad00000, 0x000000008ad00000, 0x000000008ae00000|  0%| F|  |TAMS 0x000000008ad00000, 0x000000008ad00000| Untracked 
| 174|0x000000008ae00000, 0x000000008ae00000, 0x000000008af00000|  0%| F|  |TAMS 0x000000008ae00000, 0x000000008ae00000| Untracked 
| 175|0x000000008af00000, 0x000000008af00000, 0x000000008b000000|  0%| F|  |TAMS 0x000000008af00000, 0x000000008af00000| Untracked 
| 176|0x000000008b000000, 0x000000008b000000, 0x000000008b100000|  0%| F|  |TAMS 0x000000008b000000, 0x000000008b000000| Untracked 
| 177|0x000000008b100000, 0x000000008b100000, 0x000000008b200000|  0%| F|  |TAMS 0x000000008b100000, 0x000000008b100000| Untracked 
| 178|0x000000008b200000, 0x000000008b200000, 0x000000008b300000|  0%| F|  |TAMS 0x000000008b200000, 0x000000008b200000| Untracked 
| 179|0x000000008b300000, 0x000000008b300000, 0x000000008b400000|  0%| F|  |TAMS 0x000000008b300000, 0x000000008b300000| Untracked 
| 180|0x000000008b400000, 0x000000008b400000, 0x000000008b500000|  0%| F|  |TAMS 0x000000008b400000, 0x000000008b400000| Untracked 
| 181|0x000000008b500000, 0x000000008b500000, 0x000000008b600000|  0%| F|  |TAMS 0x000000008b500000, 0x000000008b500000| Untracked 
| 182|0x000000008b600000, 0x000000008b600000, 0x000000008b700000|  0%| F|  |TAMS 0x000000008b600000, 0x000000008b600000| Untracked 
| 183|0x000000008b700000, 0x000000008b700000, 0x000000008b800000|  0%| F|  |TAMS 0x000000008b700000, 0x000000008b700000| Untracked 
| 184|0x000000008b800000, 0x000000008b800000, 0x000000008b900000|  0%| F|  |TAMS 0x000000008b800000, 0x000000008b800000| Untracked 
| 185|0x000000008b900000, 0x000000008b900000, 0x000000008ba00000|  0%| F|  |TAMS 0x000000008b900000, 0x000000008b900000| Untracked 
| 186|0x000000008ba00000, 0x000000008ba00000, 0x000000008bb00000|  0%| F|  |TAMS 0x000000008ba00000, 0x000000008ba00000| Complete 
| 187|0x000000008bb00000, 0x000000008bc00000, 0x000000008bc00000|100%| S|  |TAMS 0x000000008bb00000, 0x000000008bb00000| Complete 
| 188|0x000000008bc00000, 0x000000008bd00000, 0x000000008bd00000|100%| S|  |TAMS 0x000000008bc00000, 0x000000008bc00000| Complete 
| 189|0x000000008bd00000, 0x000000008be00000, 0x000000008be00000|100%| E|CS|TAMS 0x000000008bd00000, 0x000000008be00000| Complete 
| 190|0x000000008be00000, 0x000000008bf00000, 0x000000008bf00000|100%| E|CS|TAMS 0x000000008be00000, 0x000000008bf00000| Complete 
| 191|0x000000008bf00000, 0x000000008c000000, 0x000000008c000000|100%| E|CS|TAMS 0x000000008bf00000, 0x000000008c000000| Complete 
| 192|0x000000008c000000, 0x000000008c100000, 0x000000008c100000|100%| E|CS|TAMS 0x000000008c000000, 0x000000008c100000| Complete 
| 193|0x000000008c100000, 0x000000008c200000, 0x000000008c200000|100%| E|CS|TAMS 0x000000008c100000, 0x000000008c200000| Complete 
| 194|0x000000008c200000, 0x000000008c300000, 0x000000008c300000|100%| E|CS|TAMS 0x000000008c200000, 0x000000008c300000| Complete 
| 195|0x000000008c300000, 0x000000008c400000, 0x000000008c400000|100%| E|CS|TAMS 0x000000008c300000, 0x000000008c400000| Complete 
| 196|0x000000008c400000, 0x000000008c500000, 0x000000008c500000|100%| E|CS|TAMS 0x000000008c400000, 0x000000008c500000| Complete 
| 197|0x000000008c500000, 0x000000008c600000, 0x000000008c600000|100%| E|CS|TAMS 0x000000008c500000, 0x000000008c600000| Complete 
| 198|0x000000008c600000, 0x000000008c700000, 0x000000008c700000|100%| E|CS|TAMS 0x000000008c600000, 0x000000008c700000| Complete 
| 199|0x000000008c700000, 0x000000008c800000, 0x000000008c800000|100%| E|CS|TAMS 0x000000008c700000, 0x000000008c800000| Complete 
| 200|0x000000008c800000, 0x000000008c900000, 0x000000008c900000|100%| E|CS|TAMS 0x000000008c800000, 0x000000008c900000| Complete 
| 201|0x000000008c900000, 0x000000008ca00000, 0x000000008ca00000|100%| E|CS|TAMS 0x000000008c900000, 0x000000008ca00000| Complete 
| 202|0x000000008ca00000, 0x000000008cb00000, 0x000000008cb00000|100%| E|CS|TAMS 0x000000008ca00000, 0x000000008cb00000| Complete 
| 203|0x000000008cb00000, 0x000000008cc00000, 0x000000008cc00000|100%| E|CS|TAMS 0x000000008cb00000, 0x000000008cc00000| Complete 
| 204|0x000000008cc00000, 0x000000008cd00000, 0x000000008cd00000|100%| E|CS|TAMS 0x000000008cc00000, 0x000000008cd00000| Complete 
| 205|0x000000008cd00000, 0x000000008ce00000, 0x000000008ce00000|100%| E|CS|TAMS 0x000000008cd00000, 0x000000008ce00000| Complete 
| 206|0x000000008ce00000, 0x000000008cf00000, 0x000000008cf00000|100%| E|CS|TAMS 0x000000008ce00000, 0x000000008cf00000| Complete 
| 207|0x000000008cf00000, 0x000000008d000000, 0x000000008d000000|100%| E|CS|TAMS 0x000000008cf00000, 0x000000008d000000| Complete 
| 208|0x000000008d000000, 0x000000008d100000, 0x000000008d100000|100%| E|CS|TAMS 0x000000008d000000, 0x000000008d100000| Complete 
| 209|0x000000008d100000, 0x000000008d200000, 0x000000008d200000|100%| E|CS|TAMS 0x000000008d100000, 0x000000008d200000| Complete 
| 210|0x000000008d200000, 0x000000008d300000, 0x000000008d300000|100%| E|CS|TAMS 0x000000008d200000, 0x000000008d300000| Complete 
| 211|0x000000008d300000, 0x000000008d400000, 0x000000008d400000|100%| E|CS|TAMS 0x000000008d300000, 0x000000008d400000| Complete 
| 212|0x000000008d400000, 0x000000008d500000, 0x000000008d500000|100%| E|CS|TAMS 0x000000008d400000, 0x000000008d500000| Complete 
| 213|0x000000008d500000, 0x000000008d600000, 0x000000008d600000|100%| E|CS|TAMS 0x000000008d500000, 0x000000008d600000| Complete 
| 214|0x000000008d600000, 0x000000008d700000, 0x000000008d700000|100%| E|CS|TAMS 0x000000008d600000, 0x000000008d700000| Complete 
| 215|0x000000008d700000, 0x000000008d800000, 0x000000008d800000|100%| E|CS|TAMS 0x000000008d700000, 0x000000008d800000| Complete 
| 216|0x000000008d800000, 0x000000008d900000, 0x000000008d900000|100%| E|CS|TAMS 0x000000008d800000, 0x000000008d900000| Complete 
| 217|0x000000008d900000, 0x000000008da00000, 0x000000008da00000|100%| E|CS|TAMS 0x000000008d900000, 0x000000008da00000| Complete 
| 218|0x000000008da00000, 0x000000008db00000, 0x000000008db00000|100%| E|CS|TAMS 0x000000008da00000, 0x000000008db00000| Complete 
| 219|0x000000008db00000, 0x000000008dc00000, 0x000000008dc00000|100%| E|CS|TAMS 0x000000008db00000, 0x000000008dc00000| Complete 
| 220|0x000000008dc00000, 0x000000008dd00000, 0x000000008dd00000|100%| E|CS|TAMS 0x000000008dc00000, 0x000000008dd00000| Complete 
| 221|0x000000008dd00000, 0x000000008de00000, 0x000000008de00000|100%| E|CS|TAMS 0x000000008dd00000, 0x000000008de00000| Complete 
| 222|0x000000008de00000, 0x000000008df00000, 0x000000008df00000|100%| E|CS|TAMS 0x000000008de00000, 0x000000008df00000| Complete 
| 223|0x000000008df00000, 0x000000008e000000, 0x000000008e000000|100%| E|CS|TAMS 0x000000008df00000, 0x000000008e000000| Complete 
| 224|0x000000008e000000, 0x000000008e100000, 0x000000008e100000|100%| E|CS|TAMS 0x000000008e000000, 0x000000008e100000| Complete 
| 225|0x000000008e100000, 0x000000008e200000, 0x000000008e200000|100%| E|CS|TAMS 0x000000008e100000, 0x000000008e200000| Complete 
| 226|0x000000008e200000, 0x000000008e300000, 0x000000008e300000|100%| E|CS|TAMS 0x000000008e200000, 0x000000008e300000| Complete 
| 227|0x000000008e300000, 0x000000008e400000, 0x000000008e400000|100%| E|CS|TAMS 0x000000008e300000, 0x000000008e400000| Complete 
| 228|0x000000008e400000, 0x000000008e500000, 0x000000008e500000|100%| E|CS|TAMS 0x000000008e400000, 0x000000008e500000| Complete 
| 229|0x000000008e500000, 0x000000008e600000, 0x000000008e600000|100%| E|CS|TAMS 0x000000008e500000, 0x000000008e600000| Complete 
| 230|0x000000008e600000, 0x000000008e700000, 0x000000008e700000|100%| E|CS|TAMS 0x000000008e600000, 0x000000008e700000| Complete 
| 231|0x000000008e700000, 0x000000008e800000, 0x000000008e800000|100%| E|CS|TAMS 0x000000008e700000, 0x000000008e800000| Complete 
| 232|0x000000008e800000, 0x000000008e900000, 0x000000008e900000|100%| E|CS|TAMS 0x000000008e800000, 0x000000008e900000| Complete 
| 233|0x000000008e900000, 0x000000008ea00000, 0x000000008ea00000|100%| E|CS|TAMS 0x000000008e900000, 0x000000008ea00000| Complete 
| 234|0x000000008ea00000, 0x000000008eb00000, 0x000000008eb00000|100%| E|CS|TAMS 0x000000008ea00000, 0x000000008eb00000| Complete 
| 235|0x000000008eb00000, 0x000000008ec00000, 0x000000008ec00000|100%| E|CS|TAMS 0x000000008eb00000, 0x000000008ec00000| Complete 
| 236|0x000000008ec00000, 0x000000008ed00000, 0x000000008ed00000|100%| E|CS|TAMS 0x000000008ec00000, 0x000000008ed00000| Complete 
| 237|0x000000008ed00000, 0x000000008ee00000, 0x000000008ee00000|100%| E|CS|TAMS 0x000000008ed00000, 0x000000008ee00000| Complete 
| 238|0x000000008ee00000, 0x000000008ef00000, 0x000000008ef00000|100%| E|CS|TAMS 0x000000008ee00000, 0x000000008ef00000| Complete 
| 239|0x000000008ef00000, 0x000000008f000000, 0x000000008f000000|100%| E|CS|TAMS 0x000000008ef00000, 0x000000008f000000| Complete 
| 240|0x000000008f000000, 0x000000008f100000, 0x000000008f100000|100%| E|CS|TAMS 0x000000008f000000, 0x000000008f100000| Complete 
| 241|0x000000008f100000, 0x000000008f200000, 0x000000008f200000|100%| E|CS|TAMS 0x000000008f100000, 0x000000008f200000| Complete 
| 242|0x000000008f200000, 0x000000008f300000, 0x000000008f300000|100%| E|CS|TAMS 0x000000008f200000, 0x000000008f300000| Complete 
| 243|0x000000008f300000, 0x000000008f400000, 0x000000008f400000|100%| E|CS|TAMS 0x000000008f300000, 0x000000008f400000| Complete 
| 244|0x000000008f400000, 0x000000008f500000, 0x000000008f500000|100%| E|CS|TAMS 0x000000008f400000, 0x000000008f500000| Complete 
| 245|0x000000008f500000, 0x000000008f600000, 0x000000008f600000|100%| E|CS|TAMS 0x000000008f500000, 0x000000008f600000| Complete 
| 246|0x000000008f600000, 0x000000008f700000, 0x000000008f700000|100%| E|CS|TAMS 0x000000008f600000, 0x000000008f700000| Complete 
| 247|0x000000008f700000, 0x000000008f800000, 0x000000008f800000|100%| E|CS|TAMS 0x000000008f700000, 0x000000008f800000| Complete 
| 248|0x000000008f800000, 0x000000008f900000, 0x000000008f900000|100%| E|CS|TAMS 0x000000008f800000, 0x000000008f900000| Complete 
| 249|0x000000008f900000, 0x000000008fa00000, 0x000000008fa00000|100%| E|CS|TAMS 0x000000008f900000, 0x000000008fa00000| Complete 
| 250|0x000000008fa00000, 0x000000008fb00000, 0x000000008fb00000|100%| E|CS|TAMS 0x000000008fa00000, 0x000000008fb00000| Complete 
| 251|0x000000008fb00000, 0x000000008fc00000, 0x000000008fc00000|100%| E|CS|TAMS 0x000000008fb00000, 0x000000008fc00000| Complete 
| 252|0x000000008fc00000, 0x000000008fd00000, 0x000000008fd00000|100%| E|CS|TAMS 0x000000008fc00000, 0x000000008fd00000| Complete 
| 253|0x000000008fd00000, 0x000000008fe00000, 0x000000008fe00000|100%| E|CS|TAMS 0x000000008fd00000, 0x000000008fe00000| Complete 

Card table byte_map: [0x0000021e20d90000,0x0000021e21190000] _byte_map_base: 0x0000021e20990000

Marking Bits (Prev, Next): (CMBitMap*) 0x0000021e0dedbec0, (CMBitMap*) 0x0000021e0dedbe88
 Prev Bits: [0x0000021e23590000, 0x0000021e25590000)
 Next Bits: [0x0000021e21590000, 0x0000021e23590000)

Polling page: 0x0000021e0be50000

Metaspace:

Usage:
  Non-class:     28.12 MB capacity,    27.64 MB ( 98%) used,   416.46 KB (  1%) free+waste,    77.94 KB ( <1%) overhead. 
      Class:      4.65 MB capacity,     4.32 MB ( 93%) used,   297.30 KB (  6%) free+waste,    39.50 KB ( <1%) overhead. 
       Both:     32.77 MB capacity,    31.96 MB ( 98%) used,   713.76 KB (  2%) free+waste,   117.44 KB ( <1%) overhead. 

Virtual space:
  Non-class space:       36.00 MB reserved,      28.17 MB ( 78%) committed 
      Class space:        1.00 GB reserved,       4.70 MB ( <1%) committed 
             Both:        1.04 GB reserved,      32.87 MB (  3%) committed 

Chunk freelists:
   Non-Class:  55.00 KB
       Class:  6.00 KB
        Both:  61.00 KB

MaxMetaspaceSize: 17179869184.00 GB
CompressedClassSpaceSize: 1.00 GB

CodeHeap 'non-profiled nmethods': size=120064Kb used=1500Kb max_used=1500Kb free=118563Kb
 bounds [0x0000021e19450000, 0x0000021e196c0000, 0x0000021e20990000]
CodeHeap 'profiled nmethods': size=120000Kb used=6101Kb max_used=6101Kb free=113899Kb
 bounds [0x0000021e11f20000, 0x0000021e12520000, 0x0000021e19450000]
CodeHeap 'non-nmethods': size=5696Kb used=1166Kb max_used=1196Kb free=4529Kb
 bounds [0x0000021e11990000, 0x0000021e11c00000, 0x0000021e11f20000]
 total_blobs=3370 nmethods=2860 adapters=421
 compilation: enabled
              stopped_count=0, restarted_count=0
 full_count=0

Compilation events (20 events):
Event: 12.655 Thread 0x0000021e28360800 2842       4       java.lang.Integer::hashCode (8 bytes)
Event: 12.655 Thread 0x0000021e28360800 nmethod 2842 0x0000021e195c6410 code [0x0000021e195c65a0, 0x0000021e195c65f8]
Event: 12.657 Thread 0x0000021e283bf000 2843       3       java.lang.Class::getPackageName (81 bytes)
Event: 12.658 Thread 0x0000021e283bf000 nmethod 2843 0x0000021e1250c310 code [0x0000021e1250c5a0, 0x0000021e1250cec8]
Event: 12.664 Thread 0x0000021e28360800 2844  s!   4       jdk.internal.loader.URLClassPath::getLoader (194 bytes)
Event: 12.691 Thread 0x0000021e283bf000 2846       3       java.lang.PublicMethods$MethodList::length (24 bytes)
Event: 12.692 Thread 0x0000021e283bf000 nmethod 2846 0x0000021e1250d210 code [0x0000021e1250d3c0, 0x0000021e1250d578]
Event: 12.692 Thread 0x0000021e283bf000 2847       3       java.lang.PublicMethods::merge (81 bytes)
Event: 12.693 Thread 0x0000021e283bf000 nmethod 2847 0x0000021e1250d690 code [0x0000021e1250d900, 0x0000021e1250e408]
Event: 12.695 Thread 0x0000021e283bf000 2848       3       java.lang.PublicMethods$MethodList::merge (192 bytes)
Event: 12.696 Thread 0x0000021e283bf000 nmethod 2848 0x0000021e1250e810 code [0x0000021e1250ea80, 0x0000021e1250f508]
Event: 12.696 Thread 0x0000021e283bf000 2849       3       org.codehaus.groovy.util.LockableObject::<init> (5 bytes)
Event: 12.696 Thread 0x0000021e283bf000 nmethod 2849 0x0000021e1250f910 code [0x0000021e1250fae0, 0x0000021e1250fcf8]
Event: 12.696 Thread 0x0000021e283bf000 2850       3       org.codehaus.groovy.util.LazyReference::<init> (17 bytes)
Event: 12.697 Thread 0x0000021e283bf000 nmethod 2850 0x0000021e1250fe10 code [0x0000021e1250ffe0, 0x0000021e12510318]
Event: 12.697 Thread 0x0000021e283bf000 2851       3       org.codehaus.groovy.util.LazyReference::get (44 bytes)
Event: 12.698 Thread 0x0000021e283bf000 nmethod 2851 0x0000021e12510490 code [0x0000021e12510680, 0x0000021e12510a28]
Event: 12.698 Thread 0x0000021e283bf000 2852       3       java.lang.Class::getMethod (59 bytes)
Event: 12.699 Thread 0x0000021e283bf000 nmethod 2852 0x0000021e12510b90 code [0x0000021e12510e60, 0x0000021e12511a88]
Event: 12.699 Thread 0x0000021e283bf000 2853       3       java.lang.Class::getMethod0 (31 bytes)

GC Heap History (12 events):
Event: 1.068 GC heap before
{Heap before GC invocations=0 (full 0):
 garbage-first heap   total 260096K, used 19456K [0x0000000080000000, 0x0000000100000000)
  region size 1024K, 14 young (14336K), 0 survivors (0K)
 Metaspace       used 6736K, capacity 6929K, committed 7168K, reserved 1056768K
  class space    used 582K, capacity 650K, committed 768K, reserved 1048576K
}
Event: 1.126 GC heap after
{Heap after GC invocations=1 (full 0):
 garbage-first heap   total 260096K, used 8277K [0x0000000080000000, 0x0000000100000000)
  region size 1024K, 2 young (2048K), 2 survivors (2048K)
 Metaspace       used 6736K, capacity 6929K, committed 7168K, reserved 1056768K
  class space    used 582K, capacity 650K, committed 768K, reserved 1048576K
}
Event: 1.688 GC heap before
{Heap before GC invocations=1 (full 0):
 garbage-first heap   total 260096K, used 19541K [0x0000000080000000, 0x0000000100000000)
  region size 1024K, 13 young (13312K), 2 survivors (2048K)
 Metaspace       used 10305K, capacity 10495K, committed 10624K, reserved 1058816K
  class space    used 1072K, capacity 1141K, committed 1152K, reserved 1048576K
}
Event: 1.693 GC heap after
{Heap after GC invocations=2 (full 0):
 garbage-first heap   total 260096K, used 9933K [0x0000000080000000, 0x0000000100000000)
  region size 1024K, 2 young (2048K), 2 survivors (2048K)
 Metaspace       used 10305K, capacity 10495K, committed 10624K, reserved 1058816K
  class space    used 1072K, capacity 1141K, committed 1152K, reserved 1048576K
}
Event: 2.752 GC heap before
{Heap before GC invocations=2 (full 0):
 garbage-first heap   total 260096K, used 37581K [0x0000000080000000, 0x0000000100000000)
  region size 1024K, 29 young (29696K), 2 survivors (2048K)
 Metaspace       used 11262K, capacity 11450K, committed 11520K, reserved 1058816K
  class space    used 1176K, capacity 1246K, committed 1280K, reserved 1048576K
}
Event: 2.757 GC heap after
{Heap after GC invocations=3 (full 0):
 garbage-first heap   total 260096K, used 13077K [0x0000000080000000, 0x0000000100000000)
  region size 1024K, 4 young (4096K), 4 survivors (4096K)
 Metaspace       used 11262K, capacity 11450K, committed 11520K, reserved 1058816K
  class space    used 1176K, capacity 1246K, committed 1280K, reserved 1048576K
}
Event: 8.759 GC heap before
{Heap before GC invocations=3 (full 0):
 garbage-first heap   total 260096K, used 62229K [0x0000000080000000, 0x0000000100000000)
  region size 1024K, 53 young (54272K), 4 survivors (4096K)
 Metaspace       used 18976K, capacity 19350K, committed 19584K, reserved 1067008K
  class space    used 2267K, capacity 2404K, committed 2432K, reserved 1048576K
}
Event: 8.777 GC heap after
{Heap after GC invocations=4 (full 0):
 garbage-first heap   total 260096K, used 17094K [0x0000000080000000, 0x0000000100000000)
  region size 1024K, 7 young (7168K), 7 survivors (7168K)
 Metaspace       used 18976K, capacity 19350K, committed 19584K, reserved 1067008K
  class space    used 2267K, capacity 2404K, committed 2432K, reserved 1048576K
}
Event: 9.164 GC heap before
{Heap before GC invocations=4 (full 0):
 garbage-first heap   total 260096K, used 33478K [0x0000000080000000, 0x0000000100000000)
  region size 1024K, 24 young (24576K), 7 survivors (7168K)
 Metaspace       used 20762K, capacity 21195K, committed 21296K, reserved 1069056K
  class space    used 2539K, capacity 2678K, committed 2688K, reserved 1048576K
}
Event: 9.175 GC heap after
{Heap after GC invocations=5 (full 0):
 garbage-first heap   total 260096K, used 18546K [0x0000000080000000, 0x0000000100000000)
  region size 1024K, 6 young (6144K), 6 survivors (6144K)
 Metaspace       used 20762K, capacity 21195K, committed 21296K, reserved 1069056K
  class space    used 2539K, capacity 2678K, committed 2688K, reserved 1048576K
}
Event: 10.932 GC heap before
{Heap before GC invocations=6 (full 0):
 garbage-first heap   total 260096K, used 69746K [0x0000000080000000, 0x0000000100000000)
  region size 1024K, 56 young (57344K), 6 survivors (6144K)
 Metaspace       used 26435K, capacity 27021K, committed 27132K, reserved 1073152K
  class space    used 3448K, capacity 3648K, committed 3660K, reserved 1048576K
}
Event: 10.950 GC heap after
{Heap after GC invocations=7 (full 0):
 garbage-first heap   total 260096K, used 20681K [0x0000000080000000, 0x0000000100000000)
  region size 1024K, 3 young (3072K), 3 survivors (3072K)
 Metaspace       used 26435K, capacity 27021K, committed 27132K, reserved 1073152K
  class space    used 3448K, capacity 3648K, committed 3660K, reserved 1048576K
}

Deoptimization events (20 events):
Event: 12.530 Thread 0x0000021e2ac40800 Uncommon trap: trap_request=0xffffff4d fr.pc=0x0000021e195bb374 relative=0x0000000000000714
Event: 12.530 Thread 0x0000021e2ac40800 Uncommon trap: reason=unstable_if action=reinterpret pc=0x0000021e195bb374 method=java.lang.Class.getPackageName()Ljava/lang/String; @ 55 c2
Event: 12.530 Thread 0x0000021e2ac40800 DEOPT PACKING pc=0x0000021e195bb374 sp=0x000000ba345f8c30
Event: 12.530 Thread 0x0000021e2ac40800 DEOPT UNPACKING pc=0x0000021e119b662f sp=0x000000ba345f8bf0 mode 2
Event: 12.598 Thread 0x0000021e2ac40800 Uncommon trap: trap_request=0xffffffc6 fr.pc=0x0000021e1958288c relative=0x000000000000030c
Event: 12.599 Thread 0x0000021e2ac40800 Uncommon trap: reason=bimorphic_or_optimized_type_check action=maybe_recompile pc=0x0000021e1958288c method=java.io.BufferedInputStream.read([BII)I @ 101 c2
Event: 12.599 Thread 0x0000021e2ac40800 DEOPT PACKING pc=0x0000021e1958288c sp=0x000000ba345f8320
Event: 12.599 Thread 0x0000021e2ac40800 DEOPT UNPACKING pc=0x0000021e119b662f sp=0x000000ba345f82d8 mode 2
Event: 12.599 Thread 0x0000021e2ac40800 Uncommon trap: trap_request=0xffffffc6 fr.pc=0x0000021e1958288c relative=0x000000000000030c
Event: 12.599 Thread 0x0000021e2ac40800 Uncommon trap: reason=bimorphic_or_optimized_type_check action=maybe_recompile pc=0x0000021e1958288c method=java.io.BufferedInputStream.read([BII)I @ 101 c2
Event: 12.599 Thread 0x0000021e2ac40800 DEOPT PACKING pc=0x0000021e1958288c sp=0x000000ba345f8320
Event: 12.599 Thread 0x0000021e2ac40800 DEOPT UNPACKING pc=0x0000021e119b662f sp=0x000000ba345f82d8 mode 2
Event: 12.600 Thread 0x0000021e2ac40800 Uncommon trap: trap_request=0xffffffc6 fr.pc=0x0000021e1958288c relative=0x000000000000030c
Event: 12.600 Thread 0x0000021e2ac40800 Uncommon trap: reason=bimorphic_or_optimized_type_check action=maybe_recompile pc=0x0000021e1958288c method=java.io.BufferedInputStream.read([BII)I @ 101 c2
Event: 12.600 Thread 0x0000021e2ac40800 DEOPT PACKING pc=0x0000021e1958288c sp=0x000000ba345f8320
Event: 12.600 Thread 0x0000021e2ac40800 DEOPT UNPACKING pc=0x0000021e119b662f sp=0x000000ba345f82d8 mode 2
Event: 12.601 Thread 0x0000021e2ac40800 Uncommon trap: trap_request=0xffffffc6 fr.pc=0x0000021e1958288c relative=0x000000000000030c
Event: 12.601 Thread 0x0000021e2ac40800 Uncommon trap: reason=bimorphic_or_optimized_type_check action=maybe_recompile pc=0x0000021e1958288c method=java.io.BufferedInputStream.read([BII)I @ 101 c2
Event: 12.601 Thread 0x0000021e2ac40800 DEOPT PACKING pc=0x0000021e1958288c sp=0x000000ba345f8320
Event: 12.602 Thread 0x0000021e2ac40800 DEOPT UNPACKING pc=0x0000021e119b662f sp=0x000000ba345f82d8 mode 2

Classes redefined (0 events):
No events

Internal exceptions (20 events):
Event: 11.331 Thread 0x0000021e2ac40800 Exception <a 'java/lang/NoSuchMethodError'{0x000000008f275308}: <clinit>> (0x000000008f275308) thrown at [./src/hotspot/share/prims/jni.cpp, line 1362]
Event: 11.332 Thread 0x0000021e2ac40800 Exception <a 'java/lang/NoSuchMethodError'{0x000000008f2768a0}: <clinit>> (0x000000008f2768a0) thrown at [./src/hotspot/share/prims/jni.cpp, line 1362]
Event: 11.332 Thread 0x0000021e2ac40800 Exception <a 'java/lang/NoSuchMethodError'{0x000000008f278000}: <clinit>> (0x000000008f278000) thrown at [./src/hotspot/share/prims/jni.cpp, line 1362]
Event: 11.332 Thread 0x0000021e2ac40800 Exception <a 'java/lang/NoSuchMethodError'{0x000000008f279698}: <clinit>> (0x000000008f279698) thrown at [./src/hotspot/share/prims/jni.cpp, line 1362]
Event: 11.333 Thread 0x0000021e2ac40800 Exception <a 'java/lang/NoSuchMethodError'{0x000000008f27abd0}: <clinit>> (0x000000008f27abd0) thrown at [./src/hotspot/share/prims/jni.cpp, line 1362]
Event: 11.519 Thread 0x0000021e2ac40800 Exception <a 'java/lang/NoSuchMethodError'{0x000000008e80f688}: 'java.lang.Object java.lang.invoke.DirectMethodHandle$Holder.invokeSpecialIFC(java.lang.Object, java.lang.Object, java.lang.Object, java.lang.Object)'> (0x000000008e80f688) thrown at [./src/hotspot/share/interpreter/linkResolver.cpp, line 773]
Event: 11.547 Thread 0x0000021e2ac40800 Exception <a 'java/lang/NoSuchMethodError'{0x000000008e8e3650}: 'java.lang.Object java.lang.invoke.DirectMethodHandle$Holder.invokeSpecial(java.lang.Object, java.lang.Object, java.lang.Object, java.lang.Object, java.lang.Object, java.lang.Object, java.lang.Object, java.lang.Object, java.lang.Object, java.lang.Object, java.lang.Object, java.lang.Object, java.lang.Object)'> (0x000000008e8e3650) thrown at [./src/hotspot/share/interpreter/linkResolver.cpp, line 773]
Event: 11.559 Thread 0x0000021e2ac40800 Exception <a 'java/lang/NoSuchMethodError'{0x000000008e8f44b0}: 'java.lang.Object java.lang.invoke.DirectMethodHandle$Holder.invokeSpecial(java.lang.Object, java.lang.Object, java.lang.Object, java.lang.Object, java.lang.Object, java.lang.Object, java.lang.Object, java.lang.Object, java.lang.Object, java.lang.Object, java.lang.Object, java.lang.Object)'> (0x000000008e8f44b0) thrown at [./src/hotspot/share/interpreter/linkResolver.cpp, line 773]
Event: 11.560 Thread 0x0000021e2ac40800 Exception <a 'java/lang/NoSuchMethodError'{0x000000008e8f95d8}: 'java.lang.Object java.lang.invoke.Invokers$Holder.linkToTargetMethod(java.lang.Object, java.lang.Object, java.lang.Object, java.lang.Object, java.lang.Object, java.lang.Object, java.lang.Object, java.lang.Object, java.lang.Object, java.lang.Object, java.lang.Object)'> (0x000000008e8f95d8) thrown at [./src/hotspot/share/interpreter/linkResolver.cpp, line 773]
Event: 11.600 Thread 0x0000021e2ac40800 Exception <a 'java/lang/NoSuchMethodError'{0x000000008e62cf70}: 'java.lang.Object java.lang.invoke.DirectMethodHandle$Holder.invokeSpecial(java.lang.Object, java.lang.Object, java.lang.Object, java.lang.Object, java.lang.Object, java.lang.Object, java.lang.Object, java.lang.Object, java.lang.Object, java.lang.Object, java.lang.Object, java.lang.Object, java.lang.Object, java.lang.Object)'> (0x000000008e62cf70) thrown at [./src/hotspot/share/interpreter/linkResolver.cpp, line 773]
Event: 11.602 Thread 0x0000021e2ac40800 Exception <a 'java/lang/NoSuchMethodError'{0x000000008e63e5e8}: 'java.lang.Object java.lang.invoke.Invokers$Holder.linkToTargetMethod(java.lang.Object, java.lang.Object, java.lang.Object, java.lang.Object, java.lang.Object, java.lang.Object, java.lang.Object, java.lang.Object, java.lang.Object, java.lang.Object, java.lang.Object, java.lang.Object)'> (0x000000008e63e5e8) thrown at [./src/hotspot/share/interpreter/linkResolver.cpp, line 773]
Event: 11.618 Thread 0x0000021e2ac40800 Exception <a 'java/lang/NoSuchMethodError'{0x000000008e6c8128}: 'java.lang.Object java.lang.invoke.DirectMethodHandle$Holder.invokeStaticInit(java.lang.Object, java.lang.Object, java.lang.Object, java.lang.Object)'> (0x000000008e6c8128) thrown at [./src/hotspot/share/interpreter/linkResolver.cpp, line 773]
Event: 11.804 Thread 0x0000021e2ac40800 Implicit null exception at 0x0000021e19538d75 to 0x0000021e19538f3c
Event: 12.049 Thread 0x0000021e2ac40800 Exception <a 'java/lang/NoSuchMethodError'{0x000000008d462490}: 'java.lang.Object java.lang.invoke.Invokers$Holder.linkToTargetMethod(java.lang.Object, java.lang.Object, java.lang.Object, java.lang.Object, java.lang.Object, java.lang.Object, java.lang.Object, java.lang.Object)'> (0x000000008d462490) thrown at [./src/hotspot/share/interpreter/linkResolver.cpp, line 773]
Event: 12.056 Thread 0x0000021e2ac40800 Exception <a 'java/lang/NoSuchMethodError'{0x000000008d496cc0}: 'java.lang.Object java.lang.invoke.DirectMethodHandle$Holder.invokeVirtual(java.lang.Object, java.lang.Object, java.lang.Object)'> (0x000000008d496cc0) thrown at [./src/hotspot/share/interpreter/linkResolver.cpp, line 773]
Event: 12.077 Thread 0x0000021e2ac40800 Exception <a 'java/lang/NoSuchMethodError'{0x000000008d367450}: 'java.lang.Object java.lang.invoke.Invokers$Holder.linkToTargetMethod(java.lang.Object, java.lang.Object, java.lang.Object, java.lang.Object, java.lang.Object, java.lang.Object, java.lang.Object)'> (0x000000008d367450) thrown at [./src/hotspot/share/interpreter/linkResolver.cpp, line 773]
Event: 12.088 Thread 0x0000021e2ac40800 Exception <a 'java/lang/IncompatibleClassChangeError'{0x000000008d3a4968}: Found class java.lang.Object, but interface was expected> (0x000000008d3a4968) thrown at [./src/hotspot/share/interpreter/linkResolver.cpp, line 839]
Event: 12.197 Thread 0x0000021e2ac40800 Exception <a 'java/lang/NoSuchMethodError'{0x000000008cf1b368}: 'int java.lang.invoke.DirectMethodHandle$Holder.invokeVirtual(java.lang.Object, java.lang.Object)'> (0x000000008cf1b368) thrown at [./src/hotspot/share/interpreter/linkResolver.cpp, line 773]
Event: 12.485 Thread 0x0000021e2ac40800 Exception <a 'java/lang/NoSuchMethodError'{0x000000008c2678e0}: 'int java.lang.invoke.DirectMethodHandle$Holder.invokeStatic(java.lang.Object, java.lang.Object, java.lang.Object, java.lang.Object, java.lang.Object)'> (0x000000008c2678e0) thrown at [./src/hotspot/share/interpreter/linkResolver.cpp, line 773]
Event: 12.553 Thread 0x0000021e2ac40800 Exception <a 'java/lang/NoSuchMethodError'{0x000000008c01e208}: 'void java.lang.invoke.DirectMethodHandle$Holder.invokeStaticInit(java.lang.Object, java.lang.Object, java.lang.Object, java.lang.Object)'> (0x000000008c01e208) thrown at [./src/hotspot/share/interpreter/linkResolver.cpp, line 773]

Events (20 events):
Event: 12.659 loading class org/codehaus/groovy/reflection/CachedClass$8
Event: 12.659 loading class org/codehaus/groovy/reflection/CachedClass$8 done
Event: 12.661 loading class java/security/AccessControlException
Event: 12.661 loading class java/security/AccessControlException done
Event: 12.661 Executing VM operation: Deoptimize
Event: 12.662 Executing VM operation: Deoptimize done
Event: 12.663 loading class org/codehaus/groovy/util/ReferenceType$SoftRef
Event: 12.663 loading class org/codehaus/groovy/util/ReferenceType$SoftRef done
Event: 12.664 loading class org/codehaus/groovy/transform/trait/Traits$Implemented
Event: 12.664 loading class org/codehaus/groovy/transform/trait/Traits$Implemented done
Event: 12.680 Executing VM operation: RevokeBias
Event: 12.680 Executing VM operation: RevokeBias done
Event: 12.690 loading class org/codehaus/groovy/reflection/CachedClass
Event: 12.690 loading class org/codehaus/groovy/reflection/CachedClass done
Event: 12.690 loading class org/codehaus/groovy/reflection/CachedClass
Event: 12.690 loading class org/codehaus/groovy/reflection/CachedClass done
Event: 12.698 loading class java/lang/invoke/MethodHandleImpl$BindCaller
Event: 12.699 loading class java/lang/invoke/MethodHandleImpl$BindCaller done
Event: 12.699 loading class java/lang/invoke/MethodHandleImpl$BindCaller$1
Event: 12.699 loading class java/lang/invoke/MethodHandleImpl$BindCaller$1 done


Dynamic libraries:
0x00007ff622470000 - 0x00007ff62247a000 	C:\Program Files\Android\Android Studio\jre\bin\java.exe
0x00007ffd5c0f0000 - 0x00007ffd5c304000 	C:\WINDOWS\SYSTEM32\ntdll.dll
0x00007ffd5b780000 - 0x00007ffd5b842000 	C:\WINDOWS\System32\KERNEL32.DLL
0x00007ffd598c0000 - 0x00007ffd59c63000 	C:\WINDOWS\System32\KERNELBASE.dll
0x00007ffd597a0000 - 0x00007ffd598b1000 	C:\WINDOWS\System32\ucrtbase.dll
0x00007ffd482e0000 - 0x00007ffd482f9000 	C:\Program Files\Android\Android Studio\jre\bin\jli.dll
0x00007ffd48290000 - 0x00007ffd482a7000 	C:\Program Files\Android\Android Studio\jre\bin\VCRUNTIME140.dll
0x00007ffd5a7a0000 - 0x00007ffd5a94b000 	C:\WINDOWS\System32\USER32.dll
0x00007ffd59630000 - 0x00007ffd59656000 	C:\WINDOWS\System32\win32u.dll
0x00007ffd5be00000 - 0x00007ffd5be29000 	C:\WINDOWS\System32\GDI32.dll
0x00007ffd59510000 - 0x00007ffd59628000 	C:\WINDOWS\System32\gdi32full.dll
0x00007ffd42810000 - 0x00007ffd42a9e000 	C:\WINDOWS\WinSxS\amd64_microsoft.windows.common-controls_6595b64144ccf1df_6.0.22621.1635_none_270f70857386168e\COMCTL32.dll
0x00007ffd5b5b0000 - 0x00007ffd5b657000 	C:\WINDOWS\System32\msvcrt.dll
0x00007ffd59c70000 - 0x00007ffd59d0a000 	C:\WINDOWS\System32\msvcp_win.dll
0x00007ffd5b570000 - 0x00007ffd5b5a1000 	C:\WINDOWS\System32\IMM32.DLL
0x00007ffd2d640000 - 0x00007ffd2d6dd000 	C:\Program Files\Android\Android Studio\jre\bin\msvcp140.dll
0x00007ffd05060000 - 0x00007ffd05b35000 	C:\Program Files\Android\Android Studio\jre\bin\server\jvm.dll
0x00007ffd59ef0000 - 0x00007ffd59f9e000 	C:\WINDOWS\System32\ADVAPI32.dll
0x00007ffd5bd50000 - 0x00007ffd5bdf4000 	C:\WINDOWS\System32\sechost.dll
0x00007ffd5b660000 - 0x00007ffd5b777000 	C:\WINDOWS\System32\RPCRT4.dll
0x00007ffd5a950000 - 0x00007ffd5a958000 	C:\WINDOWS\System32\PSAPI.DLL
0x00007ffd54b10000 - 0x00007ffd54b19000 	C:\WINDOWS\SYSTEM32\WSOCK32.dll
0x00007ffd5ade0000 - 0x00007ffd5ae51000 	C:\WINDOWS\System32\WS2_32.dll
0x00007ffd51190000 - 0x00007ffd511c4000 	C:\WINDOWS\SYSTEM32\WINMM.dll
0x00007ffd4b600000 - 0x00007ffd4b60a000 	C:\WINDOWS\SYSTEM32\VERSION.dll
0x00007ffd58650000 - 0x00007ffd58668000 	C:\WINDOWS\SYSTEM32\kernel.appcore.dll
0x00007ffd523a0000 - 0x00007ffd523b1000 	C:\Program Files\Android\Android Studio\jre\bin\verify.dll
0x00007ffd56f40000 - 0x00007ffd5716e000 	C:\WINDOWS\SYSTEM32\DBGHELP.DLL
0x00007ffd5b850000 - 0x00007ffd5bbd9000 	C:\WINDOWS\System32\combase.dll
0x00007ffd5b220000 - 0x00007ffd5b2f7000 	C:\WINDOWS\System32\OLEAUT32.dll
0x00007ffd46450000 - 0x00007ffd46482000 	C:\WINDOWS\SYSTEM32\dbgcore.DLL
0x00007ffd59720000 - 0x00007ffd5979b000 	C:\WINDOWS\System32\bcryptPrimitives.dll
0x00007ffd512e0000 - 0x00007ffd51309000 	C:\Program Files\Android\Android Studio\jre\bin\java.dll
0x00007ffd52390000 - 0x00007ffd5239b000 	C:\Program Files\Android\Android Studio\jre\bin\jimage.dll
0x00007ffd516b0000 - 0x00007ffd516c8000 	C:\Program Files\Android\Android Studio\jre\bin\zip.dll
0x00007ffd59fa0000 - 0x00007ffd5a79a000 	C:\WINDOWS\System32\SHELL32.dll
0x00007ffd57520000 - 0x00007ffd57dee000 	C:\WINDOWS\SYSTEM32\windows.storage.dll
0x00007ffd573e0000 - 0x00007ffd5751e000 	C:\WINDOWS\SYSTEM32\wintypes.dll
0x00007ffd5b300000 - 0x00007ffd5b3f1000 	C:\WINDOWS\System32\SHCORE.dll
0x00007ffd5b1c0000 - 0x00007ffd5b21e000 	C:\WINDOWS\System32\shlwapi.dll
0x00007ffd59440000 - 0x00007ffd59461000 	C:\WINDOWS\SYSTEM32\profapi.dll
0x00007ffd51250000 - 0x00007ffd5126a000 	C:\Program Files\Android\Android Studio\jre\bin\net.dll
0x00007ffd50ea0000 - 0x00007ffd50fd7000 	C:\WINDOWS\SYSTEM32\WINHTTP.dll
0x00007ffd58ac0000 - 0x00007ffd58b29000 	C:\WINDOWS\system32\mswsock.dll
0x00007ffd51230000 - 0x00007ffd51244000 	C:\Program Files\Android\Android Studio\jre\bin\nio.dll
0x00007ffd40f80000 - 0x00007ffd40fa7000 	C:\Users\Tj\.gradle\native\e1d6ef7f7dcc3fd88c89a11ec53ec762bb8ba0a96d01ffa2cd45eb1d1d8dd5c5\windows-amd64\native-platform.dll
0x00007ffd15690000 - 0x00007ffd157d4000 	C:\Users\Tj\.gradle\native\5664cfc778a61ccfe75a443a1ab52a65af34e5dc3c78e0209fed803814484fcb\windows-amd64\native-platform-file-events.dll
0x00007ffd52180000 - 0x00007ffd5218a000 	C:\Program Files\Android\Android Studio\jre\bin\management.dll
0x00007ffd51720000 - 0x00007ffd5172d000 	C:\Program Files\Android\Android Studio\jre\bin\management_ext.dll
0x00007ffd58d30000 - 0x00007ffd58d4b000 	C:\WINDOWS\SYSTEM32\CRYPTSP.dll
0x00007ffd585c0000 - 0x00007ffd585f5000 	C:\WINDOWS\system32\rsaenh.dll
0x00007ffd58bc0000 - 0x00007ffd58be8000 	C:\WINDOWS\SYSTEM32\USERENV.dll
0x00007ffd58ee0000 - 0x00007ffd58f08000 	C:\WINDOWS\SYSTEM32\bcrypt.dll
0x00007ffd58d20000 - 0x00007ffd58d2c000 	C:\WINDOWS\SYSTEM32\CRYPTBASE.dll
0x00007ffd580c0000 - 0x00007ffd580ed000 	C:\WINDOWS\SYSTEM32\IPHLPAPI.DLL
0x00007ffd5b420000 - 0x00007ffd5b429000 	C:\WINDOWS\System32\NSI.dll
0x00007ffd50d70000 - 0x00007ffd50d89000 	C:\WINDOWS\SYSTEM32\dhcpcsvc6.DLL
0x00007ffd50c90000 - 0x00007ffd50caf000 	C:\WINDOWS\SYSTEM32\dhcpcsvc.DLL
0x00007ffd58130000 - 0x00007ffd58223000 	C:\WINDOWS\SYSTEM32\DNSAPI.dll

dbghelp: loaded successfully - version: 4.0.5 - missing functions: none
symbol engine: initialized successfully - sym options: 0x614 - pdb path: .;C:\Program Files\Android\Android Studio\jre\bin;C:\WINDOWS\SYSTEM32;C:\WINDOWS\WinSxS\amd64_microsoft.windows.common-controls_6595b64144ccf1df_6.0.22621.1635_none_270f70857386168e;C:\Program Files\Android\Android Studio\jre\bin\server;C:\Users\Tj\.gradle\native\e1d6ef7f7dcc3fd88c89a11ec53ec762bb8ba0a96d01ffa2cd45eb1d1d8dd5c5\windows-amd64;C:\Users\Tj\.gradle\native\5664cfc778a61ccfe75a443a1ab52a65af34e5dc3c78e0209fed803814484fcb\windows-amd64

VM Arguments:
jvm_args: --add-opens=java.base/java.util=ALL-UNNAMED --add-opens=java.base/java.lang=ALL-UNNAMED --add-opens=java.base/java.lang.invoke=ALL-UNNAMED --add-opens=java.base/java.util=ALL-UNNAMED --add-opens=java.prefs/java.util.prefs=ALL-UNNAMED --add-opens=java.prefs/java.util.prefs=ALL-UNNAMED --add-opens=java.base/java.nio.charset=ALL-UNNAMED --add-opens=java.base/java.net=ALL-UNNAMED --add-opens=java.base/java.util.concurrent.atomic=ALL-UNNAMED -Xmx2048m -Dfile.encoding=UTF-8 -Duser.country=SG -Duser.language=en -Duser.variant 
java_command: org.gradle.launcher.daemon.bootstrap.GradleDaemon 7.2
java_class_path (initial): C:\Users\Tj\.gradle\wrapper\dists\gradle-7.2-bin\2dnblmf4td7x66yl1d74lt32g\gradle-7.2\lib\gradle-launcher-7.2.jar
Launcher Type: SUN_STANDARD

[Global flags]
     intx CICompilerCount                          = 3                                         {product} {ergonomic}
     uint ConcGCThreads                            = 1                                         {product} {ergonomic}
     uint G1ConcRefinementThreads                  = 4                                         {product} {ergonomic}
   size_t G1HeapRegionSize                         = 1048576                                   {product} {ergonomic}
    uintx GCDrainStackTargetSize                   = 64                                        {product} {ergonomic}
   size_t InitialHeapSize                          = 266338304                                 {product} {ergonomic}
   size_t MarkStackSize                            = 4194304                                   {product} {ergonomic}
   size_t MaxHeapSize                              = 2147483648                                {product} {command line}
   size_t MaxNewSize                               = 1287651328                                {product} {ergonomic}
   size_t MinHeapDeltaBytes                        = 1048576                                   {product} {ergonomic}
    uintx NonNMethodCodeHeapSize                   = 5830732                                {pd product} {ergonomic}
    uintx NonProfiledCodeHeapSize                  = 122913754                              {pd product} {ergonomic}
    uintx ProfiledCodeHeapSize                     = 122913754                              {pd product} {ergonomic}
    uintx ReservedCodeCacheSize                    = 251658240                              {pd product} {ergonomic}
     bool SegmentedCodeCache                       = true                                      {product} {ergonomic}
     bool UseCompressedClassPointers               = true                                 {lp64_product} {ergonomic}
     bool UseCompressedOops                        = true                                 {lp64_product} {ergonomic}
     bool UseG1GC                                  = true                                      {product} {ergonomic}
     bool UseLargePagesIndividualAllocation        = false                                  {pd product} {ergonomic}

Logging:
Log output configuration:
 #0: stdout all=warning uptime,level,tags
 #1: stderr all=off uptime,level,tags

Environment Variables:
PATH=C:\Program Files (x86)\Common Files\Oracle\Java\javapath;C:\WINDOWS\system32;C:\WINDOWS;C:\WINDOWS\System32\Wbem;C:\WINDOWS\System32\WindowsPowerShell\v1.0\;C:\WINDOWS\System32\OpenSSH\;C:\Program Files (x86)\Intel\Intel(R) Management Engine Components\DAL;C:\Program Files\Intel\Intel(R) Management Engine Components\DAL;C:\Program Files (x86)\Intel\Intel(R) Management Engine Components\IPT;C:\Program Files\Intel\Intel(R) Management Engine Components\IPT;C:\Program Files\PuTTY\;C:\Program Files (x86)\GNU\GnuPG\pub;C:\Program Files\Git\cmd;C:\Users\Tj\AppData\Local\Programs\Python\Launcher\;C:\Python38\Scripts\;C:\Python38\;C:\Users\Tj\AppData\Local\Microsoft\WindowsApps;C:\Users\Tj\AppData\Local\Programs\Microsoft VS Code\bin;C:\Users\Tj\AppData\Local\GitHubDesktop\bin;C:\Users\Tj\AppData\Local\ComposerSetup\bin;C:\Users\Tj\AppData\Roaming\Composer\vendor\bin;C:\Program Files\heroku\bin;C:\Program Files\php-7.4.33-Win32-vc15-x64;C:\Users\Tj\Desktop\Lesson Materials\Year 2 Sem 2\C339 Software Testing and Analytics\L09 Student\drivers;
USERNAME=Tj
OS=Windows_NT
PROCESSOR_IDENTIFIER=Intel64 Family 6 Model 142 Stepping 10, GenuineIntel



---------------  S Y S T E M  ---------------

OS: Windows 10 , 64 bit Build 22621 (10.0.22621.1635)
OS uptime: 3 days 12:11 hours

CPU:total 4 (initial active 4) (4 cores per cpu, 2 threads per core) family 6 model 142 stepping 10 microcode 0xe0, cmov, cx8, fxsr, mmx, sse, sse2, sse3, ssse3, sse4.1, sse4.2, popcnt, avx, avx2, aes, clmul, erms, 3dnowpref, lzcnt, ht, tsc, tscinvbit, bmi1, bmi2, adx, fma

Memory: 4k page, system-wide physical 16252M (2621M free)
TotalPageFile size 16662M (AvailPageFile size 5M)
current process WorkingSet (physical memory assigned to process): 227M, peak: 227M
current process commit charge ("private bytes"): 412M, peak: 416M

vm_info: OpenJDK 64-Bit Server VM (11.0.11+9-b60-7590822) for windows-amd64 JRE (11.0.11+9-b60-7590822), built on Jul 29 2021 21:43:44 by "builder" with MS VC++ 14.0 (VS2015)

END.
